# JRE version: OpenJDK Runtime Environment Temurin-21.0.11+10 (21.0.11+10) (build 21.0.11+10-LTS)
# Java VM: OpenJDK 64-Bit Server VM Temurin-21.0.11+10 (21.0.11+10-LTS, mixed mode, sharing, tiered, compressed oops, compressed class ptrs, parallel gc, windows-amd64)
GC Precious Log:
 CardTable entry size: 512
 CPUs: 2 total, 2 available
 Memory: 3918M
 Large Page Support: Disabled
 NUMA Support: Disabled
 Compressed Oops: Enabled (32-bit)
 Alignments: Space 512K, Generation 512K, Heap 2M
 Heap Min Capacity: 100M
 Heap Initial Capacity: 100M
 Heap Max Capacity: 2G
 Pre-touch: Disabled
 Parallel Workers: 2
Heap:
 PSYoungGen      total 10752K, used 1963K [0x00000000d5580000, 0x00000000d6680000, 0x0000000100000000)
  eden space 10240K, 14% used [0x00000000d5580000,0x00000000d56ebf70,0x00000000d5f80000)
  from space 512K, 99% used [0x00000000d6600000,0x00000000d667ee50,0x00000000d6680000)
  to   space 2560K, 0% used [0x00000000d6180000,0x00000000d6180000,0x00000000d6400000)
 ParOldGen       total 94208K, used 94069K [0x0000000080000000, 0x0000000085c00000, 0x00000000d5580000)
  object space 94208K, 99% used [0x0000000080000000,0x0000000085bdd5d8,0x0000000085c00000)
 Metaspace       used 68762K, committed 70400K, reserved 1114112K
  class space    used 7242K, committed 7936K, reserved 1048576K
GC Heap History (20 events):
Event: 267.298 GC heap before
{Heap before GC invocations=104 (full 3):
 PSYoungGen      total 10752K, used 10741K [0x00000000d5580000, 0x00000000d6980000, 0x0000000100000000)
  eden space 10240K, 100% used [0x00000000d5580000,0x00000000d5f80000,0x00000000d5f80000)
  from space 512K, 98% used [0x00000000d6900000,0x00000000d697d7e8,0x00000000d6980000)
  to   space 2560K, 0% used [0x00000000d6480000,0x00000000d6480000,0x00000000d6700000)
 ParOldGen       total 87552K, used 87148K [0x0000000080000000, 0x0000000085580000, 0x00000000d5580000)
  object space 87552K, 99% used [0x0000000080000000,0x000000008551b028,0x0000000085580000)
 Metaspace       used 66567K, committed 68032K, reserved 1114112K
  class space    used 6991K, committed 7616K, reserved 1048576K
}
Event: 267.303 GC heap after
{Heap after GC invocations=104 (full 3):
 PSYoungGen      total 12800K, used 470K [0x00000000d5580000, 0x00000000d6980000, 0x0000000100000000)
  eden space 10240K, 0% used [0x00000000d5580000,0x00000000d5580000,0x00000000d5f80000)
  from space 2560K, 18% used [0x00000000d6480000,0x00000000d64f5b50,0x00000000d6700000)
  to   space 1024K, 0% used [0x00000000d6880000,0x00000000d6880000,0x00000000d6980000)
 ParOldGen       total 88064K, used 87598K [0x0000000080000000, 0x0000000085600000, 0x00000000d5580000)
  object space 88064K, 99% used [0x0000000080000000,0x000000008558b840,0x0000000085600000)
 Metaspace       used 66567K, committed 68032K, reserved 1114112K
  class space    used 6991K, committed 7616K, reserved 1048576K
}
Event: 267.365 GC heap before
{Heap before GC invocations=105 (full 3):
 PSYoungGen      total 12800K, used 10710K [0x00000000d5580000, 0x00000000d6980000, 0x0000000100000000)
  eden space 10240K, 100% used [0x00000000d5580000,0x00000000d5f80000,0x00000000d5f80000)
  from space 2560K, 18% used [0x00000000d6480000,0x00000000d64f5b50,0x00000000d6700000)
  to   space 1024K, 0% used [0x00000000d6880000,0x00000000d6880000,0x00000000d6980000)
 ParOldGen       total 88064K, used 87598K [0x0000000080000000, 0x0000000085600000, 0x00000000d5580000)
  object space 88064K, 99% used [0x0000000080000000,0x000000008558b840,0x0000000085600000)
 Metaspace       used 66567K, committed 68032K, reserved 1114112K
  class space    used 6991K, committed 7616K, reserved 1048576K
}
Event: 267.368 GC heap after
{Heap after GC invocations=105 (full 3):
 PSYoungGen      total 10752K, used 288K [0x00000000d5580000, 0x00000000d6900000, 0x0000000100000000)
  eden space 10240K, 0% used [0x00000000d5580000,0x00000000d5580000,0x00000000d5f80000)
  from space 512K, 56% used [0x00000000d6880000,0x00000000d68c8000,0x00000000d6900000)
  to   space 512K, 0% used [0x00000000d6800000,0x00000000d6800000,0x00000000d6880000)
 ParOldGen       total 88064K, used 88026K [0x0000000080000000, 0x0000000085600000, 0x00000000d5580000)
  object space 88064K, 99% used [0x0000000080000000,0x00000000855f69b8,0x0000000085600000)
 Metaspace       used 66567K, committed 68032K, reserved 1114112K
  class space    used 6991K, committed 7616K, reserved 1048576K
}
Event: 267.450 GC heap before
{Heap before GC invocations=106 (full 3):
 PSYoungGen      total 10752K, used 10528K [0x00000000d5580000, 0x00000000d6900000, 0x0000000100000000)
  eden space 10240K, 100% used [0x00000000d5580000,0x00000000d5f80000,0x00000000d5f80000)
  from space 512K, 56% used [0x00000000d6880000,0x00000000d68c8000,0x00000000d6900000)
  to   space 512K, 0% used [0x00000000d6800000,0x00000000d6800000,0x00000000d6880000)
 ParOldGen       total 88064K, used 88026K [0x0000000080000000, 0x0000000085600000, 0x00000000d5580000)
  object space 88064K, 99% used [0x0000000080000000,0x00000000855f69b8,0x0000000085600000)
 Metaspace       used 66567K, committed 68032K, reserved 1114112K
  class space    used 6991K, committed 7616K, reserved 1048576K
}
Event: 267.452 GC heap after
{Heap after GC invocations=106 (full 3):
 PSYoungGen      total 10752K, used 241K [0x00000000d5580000, 0x00000000d6900000, 0x0000000100000000)
  eden space 10240K, 0% used [0x00000000d5580000,0x00000000d5580000,0x00000000d5f80000)
  from space 512K, 47% used [0x00000000d6800000,0x00000000d683c400,0x00000000d6880000)
  to   space 512K, 0% used [0x00000000d6880000,0x00000000d6880000,0x00000000d6900000)
 ParOldGen       total 88576K, used 88202K [0x0000000080000000, 0x0000000085680000, 0x00000000d5580000)
  object space 88576K, 99% used [0x0000000080000000,0x00000000856229b8,0x0000000085680000)
 Metaspace       used 66567K, committed 68032K, reserved 1114112K
  class space    used 6991K, committed 7616K, reserved 1048576K
}
Event: 267.527 GC heap before
{Heap before GC invocations=107 (full 3):
 PSYoungGen      total 10752K, used 10481K [0x00000000d5580000, 0x00000000d6900000, 0x0000000100000000)
  eden space 10240K, 100% used [0x00000000d5580000,0x00000000d5f80000,0x00000000d5f80000)
  from space 512K, 47% used [0x00000000d6800000,0x00000000d683c400,0x00000000d6880000)
  to   space 512K, 0% used [0x00000000d6880000,0x00000000d6880000,0x00000000d6900000)
 ParOldGen       total 88576K, used 88202K [0x0000000080000000, 0x0000000085680000, 0x00000000d5580000)
  object space 88576K, 99% used [0x0000000080000000,0x00000000856229b8,0x0000000085680000)
 Metaspace       used 66567K, committed 68032K, reserved 1114112K
  class space    used 6991K, committed 7616K, reserved 1048576K
}
Event: 267.532 GC heap after
{Heap after GC invocations=107 (full 3):
 PSYoungGen      total 10752K, used 447K [0x00000000d5580000, 0x00000000d6900000, 0x0000000100000000)
  eden space 10240K, 0% used [0x00000000d5580000,0x00000000d5580000,0x00000000d5f80000)
  from space 512K, 87% used [0x00000000d6880000,0x00000000d68efc28,0x00000000d6900000)
  to   space 512K, 0% used [0x00000000d6800000,0x00000000d6800000,0x00000000d6880000)
 ParOldGen       total 88576K, used 88403K [0x0000000080000000, 0x0000000085680000, 0x00000000d5580000)
  object space 88576K, 99% used [0x0000000080000000,0x0000000085654db8,0x0000000085680000)
 Metaspace       used 66567K, committed 68032K, reserved 1114112K
  class space    used 6991K, committed 7616K, reserved 1048576K
}
Event: 267.700 GC heap before
{Heap before GC invocations=108 (full 3):
 PSYoungGen      total 10752K, used 10687K [0x00000000d5580000, 0x00000000d6900000, 0x0000000100000000)
  eden space 10240K, 100% used [0x00000000d5580000,0x00000000d5f80000,0x00000000d5f80000)
  from space 512K, 87% used [0x00000000d6880000,0x00000000d68efc28,0x00000000d6900000)
  to   space 512K, 0% used [0x00000000d6800000,0x00000000d6800000,0x00000000d6880000)
 ParOldGen       total 88576K, used 88403K [0x0000000080000000, 0x0000000085680000, 0x00000000d5580000)
  object space 88576K, 99% used [0x0000000080000000,0x0000000085654db8,0x0000000085680000)
 Metaspace       used 66569K, committed 68032K, reserved 1114112K
  class space    used 6991K, committed 7616K, reserved 1048576K
}
Event: 267.703 GC heap after
{Heap after GC invocations=108 (full 3):
 PSYoungGen      total 10752K, used 503K [0x00000000d5580000, 0x00000000d6900000, 0x0000000100000000)
  eden space 10240K, 0% used [0x00000000d5580000,0x00000000d5580000,0x00000000d5f80000)
  from space 512K, 98% used [0x00000000d6800000,0x00000000d687de08,0x00000000d6880000)
  to   space 512K, 0% used [0x00000000d6880000,0x00000000d6880000,0x00000000d6900000)
 ParOldGen       total 89088K, used 88978K [0x0000000080000000, 0x0000000085700000, 0x00000000d5580000)
  object space 89088K, 99% used [0x0000000080000000,0x00000000856e49f0,0x0000000085700000)
 Metaspace       used 66569K, committed 68032K, reserved 1114112K
  class space    used 6991K, committed 7616K, reserved 1048576K
}
Event: 267.785 GC heap before
{Heap before GC invocations=109 (full 3):
 PSYoungGen      total 10752K, used 10743K [0x00000000d5580000, 0x00000000d6900000, 0x0000000100000000)
  eden space 10240K, 100% used [0x00000000d5580000,0x00000000d5f80000,0x00000000d5f80000)
  from space 512K, 98% used [0x00000000d6800000,0x00000000d687de08,0x00000000d6880000)
  to   space 512K, 0% used [0x00000000d6880000,0x00000000d6880000,0x00000000d6900000)
 ParOldGen       total 89088K, used 88978K [0x0000000080000000, 0x0000000085700000, 0x00000000d5580000)
  object space 89088K, 99% used [0x0000000080000000,0x00000000856e49f0,0x0000000085700000)
 Metaspace       used 66570K, committed 68032K, reserved 1114112K
  class space    used 6991K, committed 7616K, reserved 1048576K
}
Event: 267.787 GC heap after
{Heap after GC invocations=109 (full 3):
 PSYoungGen      total 10752K, used 224K [0x00000000d5580000, 0x00000000d6900000, 0x0000000100000000)
  eden space 10240K, 0% used [0x00000000d5580000,0x00000000d5580000,0x00000000d5f80000)
  from space 512K, 43% used [0x00000000d6880000,0x00000000d68b8000,0x00000000d6900000)
  to   space 1024K, 0% used [0x00000000d6700000,0x00000000d6700000,0x00000000d6800000)
 ParOldGen       total 89600K, used 89488K [0x0000000080000000, 0x0000000085780000, 0x00000000d5580000)
  object space 89600K, 99% used [0x0000000080000000,0x0000000085764088,0x0000000085780000)
 Metaspace       used 66570K, committed 68032K, reserved 1114112K
  class space    used 6991K, committed 7616K, reserved 1048576K
}
Event: 268.960 GC heap before
{Heap before GC invocations=110 (full 3):
 PSYoungGen      total 10752K, used 10464K [0x00000000d5580000, 0x00000000d6900000, 0x0000000100000000)
  eden space 10240K, 100% used [0x00000000d5580000,0x00000000d5f80000,0x00000000d5f80000)
  from space 512K, 43% used [0x00000000d6880000,0x00000000d68b8000,0x00000000d6900000)
  to   space 1024K, 0% used [0x00000000d6700000,0x00000000d6700000,0x00000000d6800000)
 ParOldGen       total 89600K, used 89488K [0x0000000080000000, 0x0000000085780000, 0x00000000d5580000)
  object space 89600K, 99% used [0x0000000080000000,0x0000000085764088,0x0000000085780000)
 Metaspace       used 66695K, committed 68096K, reserved 1114112K
  class space    used 7016K, committed 7616K, reserved 1048576K
}
Event: 268.971 GC heap after
{Heap after GC invocations=110 (full 3):
 PSYoungGen      total 11264K, used 992K [0x00000000d5580000, 0x00000000d6900000, 0x0000000100000000)
  eden space 10240K, 0% used [0x00000000d5580000,0x00000000d5580000,0x00000000d5f80000)
  from space 1024K, 96% used [0x00000000d6700000,0x00000000d67f8010,0x00000000d6800000)
  to   space 1024K, 0% used [0x00000000d6800000,0x00000000d6800000,0x00000000d6900000)
 ParOldGen       total 90112K, used 89728K [0x0000000080000000, 0x0000000085800000, 0x00000000d5580000)
  object space 90112K, 99% used [0x0000000080000000,0x00000000857a0088,0x0000000085800000)
 Metaspace       used 66695K, committed 68096K, reserved 1114112K
  class space    used 7016K, committed 7616K, reserved 1048576K
}
Event: 376.933 GC heap before
{Heap before GC invocations=111 (full 3):
 PSYoungGen      total 11264K, used 11232K [0x00000000d5580000, 0x00000000d6900000, 0x0000000100000000)
  eden space 10240K, 100% used [0x00000000d5580000,0x00000000d5f80000,0x00000000d5f80000)
  from space 1024K, 96% used [0x00000000d6700000,0x00000000d67f8010,0x00000000d6800000)
  to   space 1024K, 0% used [0x00000000d6800000,0x00000000d6800000,0x00000000d6900000)
 ParOldGen       total 90112K, used 89728K [0x0000000080000000, 0x0000000085800000, 0x00000000d5580000)
  object space 90112K, 99% used [0x0000000080000000,0x00000000857a0088,0x0000000085800000)
 Metaspace       used 67340K, committed 68864K, reserved 1114112K
  class space    used 7099K, committed 7744K, reserved 1048576K
}
Event: 377.008 GC heap after
{Heap after GC invocations=111 (full 3):
 PSYoungGen      total 11264K, used 1011K [0x00000000d5580000, 0x00000000d6900000, 0x0000000100000000)
  eden space 10240K, 0% used [0x00000000d5580000,0x00000000d5580000,0x00000000d5f80000)
  from space 1024K, 98% used [0x00000000d6800000,0x00000000d68fcf30,0x00000000d6900000)
  to   space 3072K, 0% used [0x00000000d6300000,0x00000000d6300000,0x00000000d6600000)
 ParOldGen       total 91136K, used 91092K [0x0000000080000000, 0x0000000085900000, 0x00000000d5580000)
  object space 91136K, 99% used [0x0000000080000000,0x00000000858f52b8,0x0000000085900000)
 Metaspace       used 67340K, committed 68864K, reserved 1114112K
  class space    used 7099K, committed 7744K, reserved 1048576K
}
Event: 377.868 GC heap before
{Heap before GC invocations=112 (full 3):
 PSYoungGen      total 11264K, used 11251K [0x00000000d5580000, 0x00000000d6900000, 0x0000000100000000)
  eden space 10240K, 100% used [0x00000000d5580000,0x00000000d5f80000,0x00000000d5f80000)
  from space 1024K, 98% used [0x00000000d6800000,0x00000000d68fcf30,0x00000000d6900000)
  to   space 3072K, 0% used [0x00000000d6300000,0x00000000d6300000,0x00000000d6600000)
 ParOldGen       total 91136K, used 91092K [0x0000000080000000, 0x0000000085900000, 0x00000000d5580000)
  object space 91136K, 99% used [0x0000000080000000,0x00000000858f52b8,0x0000000085900000)
 Metaspace       used 67725K, committed 69248K, reserved 1114112K
  class space    used 7129K, committed 7744K, reserved 1048576K
}
Event: 377.888 GC heap after
{Heap after GC invocations=112 (full 3):
 PSYoungGen      total 13312K, used 3066K [0x00000000d5580000, 0x00000000d6c80000, 0x0000000100000000)
  eden space 10240K, 0% used [0x00000000d5580000,0x00000000d5580000,0x00000000d5f80000)
  from space 3072K, 99% used [0x00000000d6300000,0x00000000d65feaa8,0x00000000d6600000)
  to   space 6656K, 0% used [0x00000000d6600000,0x00000000d6600000,0x00000000d6c80000)
 ParOldGen       total 93696K, used 93680K [0x0000000080000000, 0x0000000085b80000, 0x00000000d5580000)
  object space 93696K, 99% used [0x0000000080000000,0x0000000085b7c3b8,0x0000000085b80000)
 Metaspace       used 67725K, committed 69248K, reserved 1114112K
  class space    used 7129K, committed 7744K, reserved 1048576K
}
Event: 444.942 GC heap before
{Heap before GC invocations=113 (full 3):
 PSYoungGen      total 13312K, used 13302K [0x00000000d5580000, 0x00000000d6c80000, 0x0000000100000000)
  eden space 10240K, 99% used [0x00000000d5580000,0x00000000d5f7eda8,0x00000000d5f80000)
  from space 3072K, 99% used [0x00000000d6300000,0x00000000d65feaa8,0x00000000d6600000)
  to   space 6656K, 0% used [0x00000000d6600000,0x00000000d6600000,0x00000000d6c80000)
 ParOldGen       total 93696K, used 93680K [0x0000000080000000, 0x0000000085b80000, 0x00000000d5580000)
  object space 93696K, 99% used [0x0000000080000000,0x0000000085b7c3b8,0x0000000085b80000)
 Metaspace       used 68489K, committed 70080K, reserved 1114112K
  class space    used 7228K, committed 7872K, reserved 1048576K
}
Event: 445.064 GC heap after
{Heap after GC invocations=113 (full 3):
 PSYoungGen      total 10752K, used 507K [0x00000000d5580000, 0x00000000d6680000, 0x0000000100000000)
  eden space 10240K, 0% used [0x00000000d5580000,0x00000000d5580000,0x00000000d5f80000)
  from space 512K, 99% used [0x00000000d6600000,0x00000000d667ee50,0x00000000d6680000)
  to   space 2560K, 0% used [0x00000000d6180000,0x00000000d6180000,0x00000000d6400000)
 ParOldGen       total 94208K, used 94069K [0x0000000080000000, 0x0000000085c00000, 0x00000000d5580000)
  object space 94208K, 99% used [0x0000000080000000,0x0000000085bdd5d8,0x0000000085c00000)
 Metaspace       used 68489K, committed 70080K, reserved 1114112K
  class space    used 7228K, committed 7872K, reserved 1048576K
}

