# JRE version: OpenJDK Runtime Environment Temurin-21.0.11+10 (21.0.11+10) (build 21.0.11+10-LTS)
# Java VM: OpenJDK 64-Bit Server VM Temurin-21.0.11+10 (21.0.11+10-LTS, mixed mode, sharing, tiered, compressed oops, compressed class ptrs, parallel gc, windows-amd64)
GC Precious Log:
 CardTable entry size: 512
 CPUs: 2 total, 2 available
 Memory: 3918M
 Large Page Support: Disabled
 NUMA Support: Disabled
 Compressed Oops: Enabled (32-bit)
 Alignments: Space 512K, Generation 512K, Heap 2M
 Heap Min Capacity: 100M
 Heap Initial Capacity: 100M
 Heap Max Capacity: 2G
 Pre-touch: Disabled
 Parallel Workers: 2
Heap:
 PSYoungGen      total 6656K, used 6448K [0x00000000d5580000, 0x00000000d6000000, 0x0000000100000000)
  eden space 5632K, 96% used [0x00000000d5580000,0x00000000d5ad1268,0x00000000d5b00000)
  from space 1024K, 98% used [0x00000000d5e00000,0x00000000d5efb110,0x00000000d5f00000)
  to   space 2560K, 0% used [0x00000000d5b00000,0x00000000d5b00000,0x00000000d5d80000)
 ParOldGen       total 348160K, used 73101K [0x0000000080000000, 0x0000000095400000, 0x00000000d5580000)
  object space 348160K, 20% used [0x0000000080000000,0x0000000084763580,0x0000000095400000)
 Metaspace       used 85051K, committed 87040K, reserved 1179648K
  class space    used 8932K, committed 9792K, reserved 1048576K
GC Heap History (20 events):
Event: 1783.597 GC heap before
{Heap before GC invocations=443 (full 3):
 PSYoungGen      total 4608K, used 4608K [0x00000000d5580000, 0x00000000d6080000, 0x0000000100000000)
  eden space 2560K, 100% used [0x00000000d5580000,0x00000000d5800000,0x00000000d5800000)
  from space 2048K, 100% used [0x00000000d5800000,0x00000000d5a00000,0x00000000d5a00000)
  to   space 4096K, 0% used [0x00000000d5c80000,0x00000000d5c80000,0x00000000d6080000)
 ParOldGen       total 337920K, used 337475K [0x0000000080000000, 0x0000000094a00000, 0x00000000d5580000)
  object space 337920K, 99% used [0x0000000080000000,0x0000000094990e90,0x0000000094a00000)
 Metaspace       used 85344K, committed 87168K, reserved 1179648K
  class space    used 8979K, committed 9792K, reserved 1048576K
}
Event: 1783.608 GC heap after
{Heap after GC invocations=443 (full 3):
 PSYoungGen      total 6144K, used 2563K [0x00000000d5580000, 0x00000000d5f80000, 0x0000000100000000)
  eden space 3072K, 0% used [0x00000000d5580000,0x00000000d5580000,0x00000000d5880000)
  from space 3072K, 83% used [0x00000000d5c80000,0x00000000d5f00db0,0x00000000d5f80000)
  to   space 3072K, 0% used [0x00000000d5980000,0x00000000d5980000,0x00000000d5c80000)
 ParOldGen       total 338944K, used 338747K [0x0000000080000000, 0x0000000094b00000, 0x00000000d5580000)
  object space 338944K, 99% used [0x0000000080000000,0x0000000094acee90,0x0000000094b00000)
 Metaspace       used 85344K, committed 87168K, reserved 1179648K
  class space    used 8979K, committed 9792K, reserved 1048576K
}
Event: 1783.624 GC heap before
{Heap before GC invocations=444 (full 3):
 PSYoungGen      total 6144K, used 5635K [0x00000000d5580000, 0x00000000d5f80000, 0x0000000100000000)
  eden space 3072K, 99% used [0x00000000d5580000,0x00000000d587fff0,0x00000000d5880000)
  from space 3072K, 83% used [0x00000000d5c80000,0x00000000d5f00db0,0x00000000d5f80000)
  to   space 3072K, 0% used [0x00000000d5980000,0x00000000d5980000,0x00000000d5c80000)
 ParOldGen       total 338944K, used 338747K [0x0000000080000000, 0x0000000094b00000, 0x00000000d5580000)
  object space 338944K, 99% used [0x0000000080000000,0x0000000094acee90,0x0000000094b00000)
 Metaspace       used 85345K, committed 87168K, reserved 1179648K
  class space    used 8979K, committed 9792K, reserved 1048576K
}
Event: 1783.635 GC heap after
{Heap after GC invocations=444 (full 3):
 PSYoungGen      total 7168K, used 3040K [0x00000000d5580000, 0x00000000d6080000, 0x0000000100000000)
  eden space 4096K, 0% used [0x00000000d5580000,0x00000000d5580000,0x00000000d5980000)
  from space 3072K, 98% used [0x00000000d5980000,0x00000000d5c78000,0x00000000d5c80000)
  to   space 3584K, 0% used [0x00000000d5d00000,0x00000000d5d00000,0x00000000d6080000)
 ParOldGen       total 341504K, used 341295K [0x0000000080000000, 0x0000000094d80000, 0x00000000d5580000)
  object space 341504K, 99% used [0x0000000080000000,0x0000000094d4bc40,0x0000000094d80000)
 Metaspace       used 85345K, committed 87168K, reserved 1179648K
  class space    used 8979K, committed 9792K, reserved 1048576K
}
Event: 1785.055 GC heap before
{Heap before GC invocations=445 (full 3):
 PSYoungGen      total 7168K, used 7135K [0x00000000d5580000, 0x00000000d6080000, 0x0000000100000000)
  eden space 4096K, 99% used [0x00000000d5580000,0x00000000d597ffe0,0x00000000d5980000)
  from space 3072K, 98% used [0x00000000d5980000,0x00000000d5c78000,0x00000000d5c80000)
  to   space 3584K, 0% used [0x00000000d5d00000,0x00000000d5d00000,0x00000000d6080000)
 ParOldGen       total 341504K, used 341295K [0x0000000080000000, 0x0000000094d80000, 0x00000000d5580000)
  object space 341504K, 99% used [0x0000000080000000,0x0000000094d4bc40,0x0000000094d80000)
 Metaspace       used 85360K, committed 87168K, reserved 1179648K
  class space    used 8979K, committed 9792K, reserved 1048576K
}
Event: 1785.089 GC heap after
{Heap after GC invocations=445 (full 3):
 PSYoungGen      total 8192K, used 2688K [0x00000000d5580000, 0x00000000d6080000, 0x0000000100000000)
  eden space 4608K, 0% used [0x00000000d5580000,0x00000000d5580000,0x00000000d5a00000)
  from space 3584K, 75% used [0x00000000d5d00000,0x00000000d5fa0000,0x00000000d6080000)
  to   space 3072K, 0% used [0x00000000d5a00000,0x00000000d5a00000,0x00000000d5d00000)
 ParOldGen       total 344576K, used 344351K [0x0000000080000000, 0x0000000095080000, 0x00000000d5580000)
  object space 344576K, 99% used [0x0000000080000000,0x0000000095047c40,0x0000000095080000)
 Metaspace       used 85360K, committed 87168K, reserved 1179648K
  class space    used 8979K, committed 9792K, reserved 1048576K
}
Event: 1785.537 GC heap before
{Heap before GC invocations=446 (full 3):
 PSYoungGen      total 8192K, used 7296K [0x00000000d5580000, 0x00000000d6080000, 0x0000000100000000)
  eden space 4608K, 100% used [0x00000000d5580000,0x00000000d5a00000,0x00000000d5a00000)
  from space 3584K, 75% used [0x00000000d5d00000,0x00000000d5fa0000,0x00000000d6080000)
  to   space 3072K, 0% used [0x00000000d5a00000,0x00000000d5a00000,0x00000000d5d00000)
 ParOldGen       total 344576K, used 344351K [0x0000000080000000, 0x0000000095080000, 0x00000000d5580000)
  object space 344576K, 99% used [0x0000000080000000,0x0000000095047c40,0x0000000095080000)
 Metaspace       used 85389K, committed 87232K, reserved 1179648K
  class space    used 8979K, committed 9792K, reserved 1048576K
}
Event: 1785.548 GC heap after
{Heap after GC invocations=446 (full 3):
 PSYoungGen      total 7680K, used 1033K [0x00000000d5580000, 0x00000000d5f00000, 0x0000000100000000)
  eden space 4608K, 0% used [0x00000000d5580000,0x00000000d5580000,0x00000000d5a00000)
  from space 3072K, 33% used [0x00000000d5a00000,0x00000000d5b02460,0x00000000d5d00000)
  to   space 2048K, 0% used [0x00000000d5d00000,0x00000000d5d00000,0x00000000d5f00000)
 ParOldGen       total 347136K, used 346999K [0x0000000080000000, 0x0000000095300000, 0x00000000d5580000)
  object space 347136K, 99% used [0x0000000080000000,0x00000000952ddc40,0x0000000095300000)
 Metaspace       used 85389K, committed 87232K, reserved 1179648K
  class space    used 8979K, committed 9792K, reserved 1048576K
}
Event: 1785.567 GC heap before
{Heap before GC invocations=447 (full 3):
 PSYoungGen      total 7680K, used 1417K [0x00000000d5580000, 0x00000000d5f00000, 0x0000000100000000)
  eden space 4608K, 8% used [0x00000000d5580000,0x00000000d55e0258,0x00000000d5a00000)
  from space 3072K, 33% used [0x00000000d5a00000,0x00000000d5b02460,0x00000000d5d00000)
  to   space 2048K, 0% used [0x00000000d5d00000,0x00000000d5d00000,0x00000000d5f00000)
 ParOldGen       total 347136K, used 346999K [0x0000000080000000, 0x0000000095300000, 0x00000000d5580000)
  object space 347136K, 99% used [0x0000000080000000,0x00000000952ddc40,0x0000000095300000)
 Metaspace       used 85399K, committed 87232K, reserved 1179648K
  class space    used 8979K, committed 9792K, reserved 1048576K
}
Event: 1785.572 GC heap after
{Heap after GC invocations=447 (full 3):
 PSYoungGen      total 6144K, used 128K [0x00000000d5580000, 0x00000000d5d80000, 0x0000000100000000)
  eden space 5632K, 0% used [0x00000000d5580000,0x00000000d5580000,0x00000000d5b00000)
  from space 512K, 25% used [0x00000000d5d00000,0x00000000d5d20000,0x00000000d5d80000)
  to   space 1024K, 0% used [0x00000000d5b80000,0x00000000d5b80000,0x00000000d5c80000)
 ParOldGen       total 348160K, used 347950K [0x0000000080000000, 0x0000000095400000, 0x00000000d5580000)
  object space 348160K, 99% used [0x0000000080000000,0x00000000953cbaa8,0x0000000095400000)
 Metaspace       used 85399K, committed 87232K, reserved 1179648K
  class space    used 8979K, committed 9792K, reserved 1048576K
}
Event: 1785.572 GC heap before
{Heap before GC invocations=448 (full 4):
 PSYoungGen      total 6144K, used 128K [0x00000000d5580000, 0x00000000d5d80000, 0x0000000100000000)
  eden space 5632K, 0% used [0x00000000d5580000,0x00000000d5580000,0x00000000d5b00000)
  from space 512K, 25% used [0x00000000d5d00000,0x00000000d5d20000,0x00000000d5d80000)
  to   space 1024K, 0% used [0x00000000d5b80000,0x00000000d5b80000,0x00000000d5c80000)
 ParOldGen       total 348160K, used 347950K [0x0000000080000000, 0x0000000095400000, 0x00000000d5580000)
  object space 348160K, 99% used [0x0000000080000000,0x00000000953cbaa8,0x0000000095400000)
 Metaspace       used 85399K, committed 87232K, reserved 1179648K
  class space    used 8979K, committed 9792K, reserved 1048576K
}
Event: 1789.806 GC heap after
{Heap after GC invocations=448 (full 4):
 PSYoungGen      total 6144K, used 0K [0x00000000d5580000, 0x00000000d5d80000, 0x0000000100000000)
  eden space 5632K, 0% used [0x00000000d5580000,0x00000000d5580000,0x00000000d5b00000)
  from space 512K, 0% used [0x00000000d5d00000,0x00000000d5d00000,0x00000000d5d80000)
  to   space 1024K, 0% used [0x00000000d5b80000,0x00000000d5b80000,0x00000000d5c80000)
 ParOldGen       total 348160K, used 69319K [0x0000000080000000, 0x0000000095400000, 0x00000000d5580000)
  object space 348160K, 19% used [0x0000000080000000,0x00000000843b1d10,0x0000000095400000)
 Metaspace       used 84830K, committed 86976K, reserved 1179648K
  class space    used 8930K, committed 9792K, reserved 1048576K
}
Event: 1792.431 GC heap before
{Heap before GC invocations=449 (full 4):
 PSYoungGen      total 6144K, used 5632K [0x00000000d5580000, 0x00000000d5d80000, 0x0000000100000000)
  eden space 5632K, 100% used [0x00000000d5580000,0x00000000d5b00000,0x00000000d5b00000)
  from space 512K, 0% used [0x00000000d5d00000,0x00000000d5d00000,0x00000000d5d80000)
  to   space 1024K, 0% used [0x00000000d5b80000,0x00000000d5b80000,0x00000000d5c80000)
 ParOldGen       total 348160K, used 69319K [0x0000000080000000, 0x0000000095400000, 0x00000000d5580000)
  object space 348160K, 19% used [0x0000000080000000,0x00000000843b1d10,0x0000000095400000)
 Metaspace       used 84869K, committed 87040K, reserved 1179648K
  class space    used 8932K, committed 9792K, reserved 1048576K
}
Event: 1792.447 GC heap after
{Heap after GC invocations=449 (full 4):
 PSYoungGen      total 6656K, used 1001K [0x00000000d5580000, 0x00000000d6200000, 0x0000000100000000)
  eden space 5632K, 0% used [0x00000000d5580000,0x00000000d5580000,0x00000000d5b00000)
  from space 1024K, 97% used [0x00000000d5b80000,0x00000000d5c7a5f0,0x00000000d5c80000)
  to   space 3584K, 0% used [0x00000000d5e80000,0x00000000d5e80000,0x00000000d6200000)
 ParOldGen       total 348160K, used 71312K [0x0000000080000000, 0x0000000095400000, 0x00000000d5580000)
  object space 348160K, 20% used [0x0000000080000000,0x00000000845a4210,0x0000000095400000)
 Metaspace       used 84869K, committed 87040K, reserved 1179648K
  class space    used 8932K, committed 9792K, reserved 1048576K
}
Event: 1804.212 GC heap before
{Heap before GC invocations=450 (full 4):
 PSYoungGen      total 6656K, used 6633K [0x00000000d5580000, 0x00000000d6200000, 0x0000000100000000)
  eden space 5632K, 100% used [0x00000000d5580000,0x00000000d5b00000,0x00000000d5b00000)
  from space 1024K, 97% used [0x00000000d5b80000,0x00000000d5c7a5f0,0x00000000d5c80000)
  to   space 3584K, 0% used [0x00000000d5e80000,0x00000000d5e80000,0x00000000d6200000)
 ParOldGen       total 348160K, used 71312K [0x0000000080000000, 0x0000000095400000, 0x00000000d5580000)
  object space 348160K, 20% used [0x0000000080000000,0x00000000845a4210,0x0000000095400000)
 Metaspace       used 84930K, committed 87040K, reserved 1179648K
  class space    used 8932K, committed 9792K, reserved 1048576K
}
Event: 1804.216 GC heap after
{Heap after GC invocations=450 (full 4):
 PSYoungGen      total 6656K, used 608K [0x00000000d5580000, 0x00000000d5f80000, 0x0000000100000000)
  eden space 5632K, 0% used [0x00000000d5580000,0x00000000d5580000,0x00000000d5b00000)
  from space 1024K, 59% used [0x00000000d5e80000,0x00000000d5f18020,0x00000000d5f80000)
  to   space 1536K, 0% used [0x00000000d5c80000,0x00000000d5c80000,0x00000000d5e00000)
 ParOldGen       total 348160K, used 71336K [0x0000000080000000, 0x0000000095400000, 0x00000000d5580000)
  object space 348160K, 20% used [0x0000000080000000,0x00000000845aa210,0x0000000095400000)
 Metaspace       used 84930K, committed 87040K, reserved 1179648K
  class space    used 8932K, committed 9792K, reserved 1048576K
}
Event: 1949.557 GC heap before
{Heap before GC invocations=451 (full 4):
 PSYoungGen      total 6656K, used 6240K [0x00000000d5580000, 0x00000000d5f80000, 0x0000000100000000)
  eden space 5632K, 100% used [0x00000000d5580000,0x00000000d5b00000,0x00000000d5b00000)
  from space 1024K, 59% used [0x00000000d5e80000,0x00000000d5f18020,0x00000000d5f80000)
  to   space 1536K, 0% used [0x00000000d5c80000,0x00000000d5c80000,0x00000000d5e00000)
 ParOldGen       total 348160K, used 71336K [0x0000000080000000, 0x0000000095400000, 0x00000000d5580000)
  object space 348160K, 20% used [0x0000000080000000,0x00000000845aa210,0x0000000095400000)
 Metaspace       used 85032K, committed 87040K, reserved 1179648K
  class space    used 8932K, committed 9792K, reserved 1048576K
}
Event: 1949.666 GC heap after
{Heap after GC invocations=451 (full 4):
 PSYoungGen      total 7168K, used 372K [0x00000000d5580000, 0x00000000d5f00000, 0x0000000100000000)
  eden space 5632K, 0% used [0x00000000d5580000,0x00000000d5580000,0x00000000d5b00000)
  from space 1536K, 24% used [0x00000000d5c80000,0x00000000d5cdd220,0x00000000d5e00000)
  to   space 1024K, 0% used [0x00000000d5e00000,0x00000000d5e00000,0x00000000d5f00000)
 ParOldGen       total 348160K, used 71908K [0x0000000080000000, 0x0000000095400000, 0x00000000d5580000)
  object space 348160K, 20% used [0x0000000080000000,0x00000000846393c0,0x0000000095400000)
 Metaspace       used 85032K, committed 87040K, reserved 1179648K
  class space    used 8932K, committed 9792K, reserved 1048576K
}
Event: 1949.840 GC heap before
{Heap before GC invocations=452 (full 4):
 PSYoungGen      total 7168K, used 6004K [0x00000000d5580000, 0x00000000d5f00000, 0x0000000100000000)
  eden space 5632K, 100% used [0x00000000d5580000,0x00000000d5b00000,0x00000000d5b00000)
  from space 1536K, 24% used [0x00000000d5c80000,0x00000000d5cdd220,0x00000000d5e00000)
  to   space 1024K, 0% used [0x00000000d5e00000,0x00000000d5e00000,0x00000000d5f00000)
 ParOldGen       total 348160K, used 71908K [0x0000000080000000, 0x0000000095400000, 0x00000000d5580000)
  object space 348160K, 20% used [0x0000000080000000,0x00000000846393c0,0x0000000095400000)
 Metaspace       used 85032K, committed 87040K, reserved 1179648K
  class space    used 8932K, committed 9792K, reserved 1048576K
}
Event: 1949.862 GC heap after
{Heap after GC invocations=452 (full 4):
 PSYoungGen      total 6656K, used 1004K [0x00000000d5580000, 0x00000000d6000000, 0x0000000100000000)
  eden space 5632K, 0% used [0x00000000d5580000,0x00000000d5580000,0x00000000d5b00000)
  from space 1024K, 98% used [0x00000000d5e00000,0x00000000d5efb110,0x00000000d5f00000)
  to   space 2560K, 0% used [0x00000000d5b00000,0x00000000d5b00000,0x00000000d5d80000)
 ParOldGen       total 348160K, used 73101K [0x0000000080000000, 0x0000000095400000, 0x00000000d5580000)
  object space 348160K, 20% used [0x0000000080000000,0x0000000084763580,0x0000000095400000)
 Metaspace       used 85032K, committed 87040K, reserved 1179648K
  class space    used 8932K, committed 9792K, reserved 1048576K
}

