# JRE version: OpenJDK Runtime Environment Temurin-21.0.11+10 (21.0.11+10) (build 21.0.11+10-LTS)
# Java VM: OpenJDK 64-Bit Server VM Temurin-21.0.11+10 (21.0.11+10-LTS, mixed mode, sharing, tiered, compressed oops, compressed class ptrs, parallel gc, windows-amd64)
GC Precious Log:
 CardTable entry size: 512
 CPUs: 2 total, 2 available
 Memory: 3918M
 Large Page Support: Disabled
 NUMA Support: Disabled
 Compressed Oops: Enabled (32-bit)
 Alignments: Space 512K, Generation 512K, Heap 2M
 Heap Min Capacity: 100M
 Heap Initial Capacity: 100M
 Heap Max Capacity: 2G
 Pre-touch: Disabled
 Parallel Workers: 2
Heap:
 PSYoungGen      total 3072K, used 1264K [0x00000000d5580000, 0x00000000d5a80000, 0x0000000100000000)
  eden space 2560K, 33% used [0x00000000d5580000,0x00000000d5657fe0,0x00000000d5800000)
  from space 512K, 78% used [0x00000000d5a00000,0x00000000d5a64030,0x00000000d5a80000)
  to   space 512K, 0% used [0x00000000d5980000,0x00000000d5980000,0x00000000d5a00000)
 ParOldGen       total 239616K, used 239326K [0x0000000080000000, 0x000000008ea00000, 0x00000000d5580000)
  object space 239616K, 99% used [0x0000000080000000,0x000000008e9b7a38,0x000000008ea00000)
 Metaspace       used 76344K, committed 77952K, reserved 1179648K
  class space    used 7853K, committed 8576K, reserved 1048576K
GC Heap History (20 events):
Event: 6781.042 GC heap before
{Heap before GC invocations=292 (full 4):
 PSYoungGen      total 4608K, used 4192K [0x00000000d5580000, 0x00000000d5c00000, 0x0000000100000000)
  eden space 2560K, 100% used [0x00000000d5580000,0x00000000d5800000,0x00000000d5800000)
  from space 2048K, 79% used [0x00000000d5a00000,0x00000000d5b98000,0x00000000d5c00000)
  to   space 2048K, 0% used [0x00000000d5800000,0x00000000d5800000,0x00000000d5a00000)
 ParOldGen       total 227840K, used 227543K [0x0000000080000000, 0x000000008de80000, 0x00000000d5580000)
  object space 227840K, 99% used [0x0000000080000000,0x000000008de35d10,0x000000008de80000)
 Metaspace       used 76282K, committed 77888K, reserved 1179648K
  class space    used 7851K, committed 8576K, reserved 1048576K
}
Event: 6781.051 GC heap after
{Heap after GC invocations=292 (full 4):
 PSYoungGen      total 4608K, used 2031K [0x00000000d5580000, 0x00000000d6100000, 0x0000000100000000)
  eden space 2560K, 0% used [0x00000000d5580000,0x00000000d5580000,0x00000000d5800000)
  from space 2048K, 99% used [0x00000000d5800000,0x00000000d59fbf50,0x00000000d5a00000)
  to   space 4608K, 0% used [0x00000000d5c80000,0x00000000d5c80000,0x00000000d6100000)
 ParOldGen       total 229888K, used 229647K [0x0000000080000000, 0x000000008e080000, 0x00000000d5580000)
  object space 229888K, 99% used [0x0000000080000000,0x000000008e043c60,0x000000008e080000)
 Metaspace       used 76282K, committed 77888K, reserved 1179648K
  class space    used 7851K, committed 8576K, reserved 1048576K
}
Event: 6782.506 GC heap before
{Heap before GC invocations=293 (full 4):
 PSYoungGen      total 4608K, used 4570K [0x00000000d5580000, 0x00000000d6100000, 0x0000000100000000)
  eden space 2560K, 99% used [0x00000000d5580000,0x00000000d57fa990,0x00000000d5800000)
  from space 2048K, 99% used [0x00000000d5800000,0x00000000d59fbf50,0x00000000d5a00000)
  to   space 4608K, 0% used [0x00000000d5c80000,0x00000000d5c80000,0x00000000d6100000)
 ParOldGen       total 229888K, used 229647K [0x0000000080000000, 0x000000008e080000, 0x00000000d5580000)
  object space 229888K, 99% used [0x0000000080000000,0x000000008e043c60,0x000000008e080000)
 Metaspace       used 76283K, committed 77888K, reserved 1179648K
  class space    used 7851K, committed 8576K, reserved 1048576K
}
Event: 6782.515 GC heap after
{Heap after GC invocations=293 (full 4):
 PSYoungGen      total 4608K, used 1837K [0x00000000d5580000, 0x00000000d5e80000, 0x0000000100000000)
  eden space 2560K, 0% used [0x00000000d5580000,0x00000000d5580000,0x00000000d5800000)
  from space 2048K, 89% used [0x00000000d5c80000,0x00000000d5e4b440,0x00000000d5e80000)
  to   space 3072K, 0% used [0x00000000d5880000,0x00000000d5880000,0x00000000d5b80000)
 ParOldGen       total 231936K, used 231694K [0x0000000080000000, 0x000000008e280000, 0x00000000d5580000)
  object space 231936K, 99% used [0x0000000080000000,0x000000008e243bb0,0x000000008e280000)
 Metaspace       used 76283K, committed 77888K, reserved 1179648K
  class space    used 7851K, committed 8576K, reserved 1048576K
}
Event: 6782.542 GC heap before
{Heap before GC invocations=294 (full 4):
 PSYoungGen      total 4608K, used 4397K [0x00000000d5580000, 0x00000000d5e80000, 0x0000000100000000)
  eden space 2560K, 100% used [0x00000000d5580000,0x00000000d5800000,0x00000000d5800000)
  from space 2048K, 89% used [0x00000000d5c80000,0x00000000d5e4b440,0x00000000d5e80000)
  to   space 3072K, 0% used [0x00000000d5880000,0x00000000d5880000,0x00000000d5b80000)
 ParOldGen       total 231936K, used 231694K [0x0000000080000000, 0x000000008e280000, 0x00000000d5580000)
  object space 231936K, 99% used [0x0000000080000000,0x000000008e243bb0,0x000000008e280000)
 Metaspace       used 76283K, committed 77888K, reserved 1179648K
  class space    used 7851K, committed 8576K, reserved 1048576K
}
Event: 6782.551 GC heap after
{Heap after GC invocations=294 (full 4):
 PSYoungGen      total 5120K, used 2515K [0x00000000d5580000, 0x00000000d5e00000, 0x0000000100000000)
  eden space 2560K, 0% used [0x00000000d5580000,0x00000000d5580000,0x00000000d5800000)
  from space 2560K, 98% used [0x00000000d5880000,0x00000000d5af4dc0,0x00000000d5b00000)
  to   space 3072K, 0% used [0x00000000d5b00000,0x00000000d5b00000,0x00000000d5e00000)
 ParOldGen       total 233984K, used 233513K [0x0000000080000000, 0x000000008e480000, 0x00000000d5580000)
  object space 233984K, 99% used [0x0000000080000000,0x000000008e40a418,0x000000008e480000)
 Metaspace       used 76283K, committed 77888K, reserved 1179648K
  class space    used 7851K, committed 8576K, reserved 1048576K
}
Event: 6784.940 GC heap before
{Heap before GC invocations=295 (full 4):
 PSYoungGen      total 5120K, used 5075K [0x00000000d5580000, 0x00000000d5e00000, 0x0000000100000000)
  eden space 2560K, 100% used [0x00000000d5580000,0x00000000d5800000,0x00000000d5800000)
  from space 2560K, 98% used [0x00000000d5880000,0x00000000d5af4dc0,0x00000000d5b00000)
  to   space 3072K, 0% used [0x00000000d5b00000,0x00000000d5b00000,0x00000000d5e00000)
 ParOldGen       total 233984K, used 233513K [0x0000000080000000, 0x000000008e480000, 0x00000000d5580000)
  object space 233984K, 99% used [0x0000000080000000,0x000000008e40a418,0x000000008e480000)
 Metaspace       used 76284K, committed 77888K, reserved 1179648K
  class space    used 7851K, committed 8576K, reserved 1048576K
}
Event: 6784.949 GC heap after
{Heap after GC invocations=295 (full 4):
 PSYoungGen      total 5120K, used 2199K [0x00000000d5580000, 0x00000000d5d80000, 0x0000000100000000)
  eden space 2560K, 0% used [0x00000000d5580000,0x00000000d5580000,0x00000000d5800000)
  from space 2560K, 85% used [0x00000000d5b00000,0x00000000d5d25f90,0x00000000d5d80000)
  to   space 2560K, 0% used [0x00000000d5880000,0x00000000d5880000,0x00000000d5b00000)
 ParOldGen       total 236032K, used 236027K [0x0000000080000000, 0x000000008e680000, 0x00000000d5580000)
  object space 236032K, 99% used [0x0000000080000000,0x000000008e67ee58,0x000000008e680000)
 Metaspace       used 76284K, committed 77888K, reserved 1179648K
  class space    used 7851K, committed 8576K, reserved 1048576K
}
Event: 6787.506 GC heap before
{Heap before GC invocations=296 (full 4):
 PSYoungGen      total 5120K, used 4759K [0x00000000d5580000, 0x00000000d5d80000, 0x0000000100000000)
  eden space 2560K, 100% used [0x00000000d5580000,0x00000000d5800000,0x00000000d5800000)
  from space 2560K, 85% used [0x00000000d5b00000,0x00000000d5d25f90,0x00000000d5d80000)
  to   space 2560K, 0% used [0x00000000d5880000,0x00000000d5880000,0x00000000d5b00000)
 ParOldGen       total 236032K, used 236027K [0x0000000080000000, 0x000000008e680000, 0x00000000d5580000)
  object space 236032K, 99% used [0x0000000080000000,0x000000008e67ee58,0x000000008e680000)
 Metaspace       used 76284K, committed 77888K, reserved 1179648K
  class space    used 7851K, committed 8576K, reserved 1048576K
}
Event: 6787.515 GC heap after
{Heap after GC invocations=296 (full 4):
 PSYoungGen      total 4096K, used 1312K [0x00000000d5580000, 0x00000000d5c00000, 0x0000000100000000)
  eden space 2560K, 0% used [0x00000000d5580000,0x00000000d5580000,0x00000000d5800000)
  from space 1536K, 85% used [0x00000000d5880000,0x00000000d59c8000,0x00000000d5a00000)
  to   space 2048K, 0% used [0x00000000d5a00000,0x00000000d5a00000,0x00000000d5c00000)
 ParOldGen       total 238080K, used 237854K [0x0000000080000000, 0x000000008e880000, 0x00000000d5580000)
  object space 238080K, 99% used [0x0000000080000000,0x000000008e847a18,0x000000008e880000)
 Metaspace       used 76284K, committed 77888K, reserved 1179648K
  class space    used 7851K, committed 8576K, reserved 1048576K
}
Event: 6792.493 GC heap before
{Heap before GC invocations=297 (full 4):
 PSYoungGen      total 4096K, used 3872K [0x00000000d5580000, 0x00000000d5c00000, 0x0000000100000000)
  eden space 2560K, 100% used [0x00000000d5580000,0x00000000d5800000,0x00000000d5800000)
  from space 1536K, 85% used [0x00000000d5880000,0x00000000d59c8000,0x00000000d5a00000)
  to   space 2048K, 0% used [0x00000000d5a00000,0x00000000d5a00000,0x00000000d5c00000)
 ParOldGen       total 238080K, used 237854K [0x0000000080000000, 0x000000008e880000, 0x00000000d5580000)
  object space 238080K, 99% used [0x0000000080000000,0x000000008e847a18,0x000000008e880000)
 Metaspace       used 76290K, committed 77888K, reserved 1179648K
  class space    used 7851K, committed 8576K, reserved 1048576K
}
Event: 6792.500 GC heap after
{Heap after GC invocations=297 (full 4):
 PSYoungGen      total 3072K, used 208K [0x00000000d5580000, 0x00000000d5a80000, 0x0000000100000000)
  eden space 2560K, 0% used [0x00000000d5580000,0x00000000d5580000,0x00000000d5800000)
  from space 512K, 40% used [0x00000000d5a00000,0x00000000d5a34030,0x00000000d5a80000)
  to   space 1024K, 0% used [0x00000000d5880000,0x00000000d5880000,0x00000000d5980000)
 ParOldGen       total 239616K, used 239110K [0x0000000080000000, 0x000000008ea00000, 0x00000000d5580000)
  object space 239616K, 99% used [0x0000000080000000,0x000000008e981a18,0x000000008ea00000)
 Metaspace       used 76290K, committed 77888K, reserved 1179648K
  class space    used 7851K, committed 8576K, reserved 1048576K
}
Event: 6793.704 GC heap before
{Heap before GC invocations=298 (full 4):
 PSYoungGen      total 3072K, used 2768K [0x00000000d5580000, 0x00000000d5a80000, 0x0000000100000000)
  eden space 2560K, 100% used [0x00000000d5580000,0x00000000d5800000,0x00000000d5800000)
  from space 512K, 40% used [0x00000000d5a00000,0x00000000d5a34030,0x00000000d5a80000)
  to   space 1024K, 0% used [0x00000000d5880000,0x00000000d5880000,0x00000000d5980000)
 ParOldGen       total 239616K, used 239110K [0x0000000080000000, 0x000000008ea00000, 0x00000000d5580000)
  object space 239616K, 99% used [0x0000000080000000,0x000000008e981a18,0x000000008ea00000)
 Metaspace       used 76312K, committed 77952K, reserved 1179648K
  class space    used 7853K, committed 8576K, reserved 1048576K
}
Event: 6793.712 GC heap after
{Heap after GC invocations=298 (full 4):
 PSYoungGen      total 3584K, used 96K [0x00000000d5580000, 0x00000000d5a80000, 0x0000000100000000)
  eden space 2560K, 0% used [0x00000000d5580000,0x00000000d5580000,0x00000000d5800000)
  from space 1024K, 9% used [0x00000000d5880000,0x00000000d5898000,0x00000000d5980000)
  to   space 512K, 0% used [0x00000000d5a00000,0x00000000d5a00000,0x00000000d5a80000)
 ParOldGen       total 239616K, used 239214K [0x0000000080000000, 0x000000008ea00000, 0x00000000d5580000)
  object space 239616K, 99% used [0x0000000080000000,0x000000008e99ba18,0x000000008ea00000)
 Metaspace       used 76312K, committed 77952K, reserved 1179648K
  class space    used 7853K, committed 8576K, reserved 1048576K
}
Event: 6793.881 GC heap before
{Heap before GC invocations=299 (full 4):
 PSYoungGen      total 3584K, used 2656K [0x00000000d5580000, 0x00000000d5a80000, 0x0000000100000000)
  eden space 2560K, 100% used [0x00000000d5580000,0x00000000d5800000,0x00000000d5800000)
  from space 1024K, 9% used [0x00000000d5880000,0x00000000d5898000,0x00000000d5980000)
  to   space 512K, 0% used [0x00000000d5a00000,0x00000000d5a00000,0x00000000d5a80000)
 ParOldGen       total 239616K, used 239214K [0x0000000080000000, 0x000000008ea00000, 0x00000000d5580000)
  object space 239616K, 99% used [0x0000000080000000,0x000000008e99ba18,0x000000008ea00000)
 Metaspace       used 76314K, committed 77952K, reserved 1179648K
  class space    used 7853K, committed 8576K, reserved 1048576K
}
Event: 6793.891 GC heap after
{Heap after GC invocations=299 (full 4):
 PSYoungGen      total 3072K, used 384K [0x00000000d5580000, 0x00000000d5a80000, 0x0000000100000000)
  eden space 2560K, 0% used [0x00000000d5580000,0x00000000d5580000,0x00000000d5800000)
  from space 512K, 75% used [0x00000000d5a00000,0x00000000d5a60020,0x00000000d5a80000)
  to   space 512K, 0% used [0x00000000d5980000,0x00000000d5980000,0x00000000d5a00000)
 ParOldGen       total 239616K, used 239238K [0x0000000080000000, 0x000000008ea00000, 0x00000000d5580000)
  object space 239616K, 99% used [0x0000000080000000,0x000000008e9a1a18,0x000000008ea00000)
 Metaspace       used 76314K, committed 77952K, reserved 1179648K
  class space    used 7853K, committed 8576K, reserved 1048576K
}
Event: 6795.218 GC heap before
{Heap before GC invocations=300 (full 4):
 PSYoungGen      total 3072K, used 2944K [0x00000000d5580000, 0x00000000d5a80000, 0x0000000100000000)
  eden space 2560K, 99% used [0x00000000d5580000,0x00000000d57ffff8,0x00000000d5800000)
  from space 512K, 75% used [0x00000000d5a00000,0x00000000d5a60020,0x00000000d5a80000)
  to   space 512K, 0% used [0x00000000d5980000,0x00000000d5980000,0x00000000d5a00000)
 ParOldGen       total 239616K, used 239238K [0x0000000080000000, 0x000000008ea00000, 0x00000000d5580000)
  object space 239616K, 99% used [0x0000000080000000,0x000000008e9a1a18,0x000000008ea00000)
 Metaspace       used 76322K, committed 77952K, reserved 1179648K
  class space    used 7853K, committed 8576K, reserved 1048576K
}
Event: 6795.227 GC heap after
{Heap after GC invocations=300 (full 4):
 PSYoungGen      total 3072K, used 64K [0x00000000d5580000, 0x00000000d5a80000, 0x0000000100000000)
  eden space 2560K, 0% used [0x00000000d5580000,0x00000000d5580000,0x00000000d5800000)
  from space 512K, 12% used [0x00000000d5980000,0x00000000d5990000,0x00000000d5a00000)
  to   space 512K, 0% used [0x00000000d5a00000,0x00000000d5a00000,0x00000000d5a80000)
 ParOldGen       total 239616K, used 239318K [0x0000000080000000, 0x000000008ea00000, 0x00000000d5580000)
  object space 239616K, 99% used [0x0000000080000000,0x000000008e9b5a38,0x000000008ea00000)
 Metaspace       used 76322K, committed 77952K, reserved 1179648K
  class space    used 7853K, committed 8576K, reserved 1048576K
}
Event: 6797.816 GC heap before
{Heap before GC invocations=301 (full 4):
 PSYoungGen      total 3072K, used 2623K [0x00000000d5580000, 0x00000000d5a80000, 0x0000000100000000)
  eden space 2560K, 99% used [0x00000000d5580000,0x00000000d57fff18,0x00000000d5800000)
  from space 512K, 12% used [0x00000000d5980000,0x00000000d5990000,0x00000000d5a00000)
  to   space 512K, 0% used [0x00000000d5a00000,0x00000000d5a00000,0x00000000d5a80000)
 ParOldGen       total 239616K, used 239318K [0x0000000080000000, 0x000000008ea00000, 0x00000000d5580000)
  object space 239616K, 99% used [0x0000000080000000,0x000000008e9b5a38,0x000000008ea00000)
 Metaspace       used 76326K, committed 77952K, reserved 1179648K
  class space    used 7853K, committed 8576K, reserved 1048576K
}
Event: 6797.823 GC heap after
{Heap after GC invocations=301 (full 4):
 PSYoungGen      total 3072K, used 400K [0x00000000d5580000, 0x00000000d5a80000, 0x0000000100000000)
  eden space 2560K, 0% used [0x00000000d5580000,0x00000000d5580000,0x00000000d5800000)
  from space 512K, 78% used [0x00000000d5a00000,0x00000000d5a64030,0x00000000d5a80000)
  to   space 512K, 0% used [0x00000000d5980000,0x00000000d5980000,0x00000000d5a00000)
 ParOldGen       total 239616K, used 239326K [0x0000000080000000, 0x000000008ea00000, 0x00000000d5580000)
  object space 239616K, 99% used [0x0000000080000000,0x000000008e9b7a38,0x000000008ea00000)
 Metaspace       used 76326K, committed 77952K, reserved 1179648K
  class space    used 7853K, committed 8576K, reserved 1048576K
}

