# JRE version: OpenJDK Runtime Environment Temurin-21.0.11+10 (21.0.11+10) (build 21.0.11+10-LTS)
# Java VM: OpenJDK 64-Bit Server VM Temurin-21.0.11+10 (21.0.11+10-LTS, mixed mode, sharing, tiered, compressed oops, compressed class ptrs, parallel gc, windows-amd64)
GC Precious Log:
 CardTable entry size: 512
 CPUs: 2 total, 2 available
 Memory: 3918M
 Large Page Support: Disabled
 NUMA Support: Disabled
 Compressed Oops: Enabled (32-bit)
 Alignments: Space 512K, Generation 512K, Heap 2M
 Heap Min Capacity: 100M
 Heap Initial Capacity: 100M
 Heap Max Capacity: 2G
 Pre-touch: Disabled
 Parallel Workers: 2
Heap:
 PSYoungGen      total 11264K, used 1866K [0x00000000d5580000, 0x00000000d6900000, 0x0000000100000000)
  eden space 9728K, 8% used [0x00000000d5580000,0x00000000d564ec98,0x00000000d5f00000)
  from space 1536K, 67% used [0x00000000d6780000,0x00000000d6883c18,0x00000000d6900000)
  to   space 3584K, 0% used [0x00000000d6200000,0x00000000d6200000,0x00000000d6580000)
 ParOldGen       total 100864K, used 100460K [0x0000000080000000, 0x0000000086280000, 0x00000000d5580000)
  object space 100864K, 99% used [0x0000000080000000,0x000000008621b1b0,0x0000000086280000)
 Metaspace       used 70476K, committed 72128K, reserved 1114112K
  class space    used 7323K, committed 8064K, reserved 1048576K
GC Heap History (20 events):
Event: 2575.903 GC heap before
{Heap before GC invocations=78 (full 3):
 PSYoungGen      total 13824K, used 13344K [0x00000000d5580000, 0x00000000d6780000, 0x0000000100000000)
  eden space 13312K, 100% used [0x00000000d5580000,0x00000000d6280000,0x00000000d6280000)
  from space 512K, 6% used [0x00000000d6700000,0x00000000d6708000,0x00000000d6780000)
  to   space 512K, 0% used [0x00000000d6580000,0x00000000d6580000,0x00000000d6600000)
 ParOldGen       total 69120K, used 68825K [0x0000000080000000, 0x0000000084380000, 0x00000000d5580000)
  object space 69120K, 99% used [0x0000000080000000,0x0000000084336688,0x0000000084380000)
 Metaspace       used 66400K, committed 67904K, reserved 1114112K
  class space    used 6959K, committed 7616K, reserved 1048576K
}
Event: 2576.195 GC heap after
{Heap after GC invocations=78 (full 3):
 PSYoungGen      total 13824K, used 480K [0x00000000d5580000, 0x00000000d6780000, 0x0000000100000000)
  eden space 13312K, 0% used [0x00000000d5580000,0x00000000d5580000,0x00000000d6280000)
  from space 512K, 93% used [0x00000000d6580000,0x00000000d65f8010,0x00000000d6600000)
  to   space 1024K, 0% used [0x00000000d6680000,0x00000000d6680000,0x00000000d6780000)
 ParOldGen       total 69120K, used 69034K [0x0000000080000000, 0x0000000084380000, 0x00000000d5580000)
  object space 69120K, 99% used [0x0000000080000000,0x000000008436abc8,0x0000000084380000)
 Metaspace       used 66400K, committed 67904K, reserved 1114112K
  class space    used 6959K, committed 7616K, reserved 1048576K
}
Event: 2626.546 GC heap before
{Heap before GC invocations=79 (full 3):
 PSYoungGen      total 13824K, used 13792K [0x00000000d5580000, 0x00000000d6780000, 0x0000000100000000)
  eden space 13312K, 100% used [0x00000000d5580000,0x00000000d6280000,0x00000000d6280000)
  from space 512K, 93% used [0x00000000d6580000,0x00000000d65f8010,0x00000000d6600000)
  to   space 1024K, 0% used [0x00000000d6680000,0x00000000d6680000,0x00000000d6780000)
 ParOldGen       total 69120K, used 69034K [0x0000000080000000, 0x0000000084380000, 0x00000000d5580000)
  object space 69120K, 99% used [0x0000000080000000,0x000000008436abc8,0x0000000084380000)
 Metaspace       used 67584K, committed 69120K, reserved 1114112K
  class space    used 7094K, committed 7744K, reserved 1048576K
}
Event: 2626.565 GC heap after
{Heap after GC invocations=79 (full 3):
 PSYoungGen      total 14336K, used 992K [0x00000000d5580000, 0x00000000d6780000, 0x0000000100000000)
  eden space 13312K, 0% used [0x00000000d5580000,0x00000000d5580000,0x00000000d6280000)
  from space 1024K, 96% used [0x00000000d6680000,0x00000000d6778020,0x00000000d6780000)
  to   space 2048K, 0% used [0x00000000d6380000,0x00000000d6380000,0x00000000d6580000)
 ParOldGen       total 69632K, used 69483K [0x0000000080000000, 0x0000000084400000, 0x00000000d5580000)
  object space 69632K, 99% used [0x0000000080000000,0x00000000843dae80,0x0000000084400000)
 Metaspace       used 67584K, committed 69120K, reserved 1114112K
  class space    used 7094K, committed 7744K, reserved 1048576K
}
Event: 2636.595 GC heap before
{Heap before GC invocations=80 (full 3):
 PSYoungGen      total 14336K, used 14304K [0x00000000d5580000, 0x00000000d6780000, 0x0000000100000000)
  eden space 13312K, 100% used [0x00000000d5580000,0x00000000d6280000,0x00000000d6280000)
  from space 1024K, 96% used [0x00000000d6680000,0x00000000d6778020,0x00000000d6780000)
  to   space 2048K, 0% used [0x00000000d6380000,0x00000000d6380000,0x00000000d6580000)
 ParOldGen       total 69632K, used 69483K [0x0000000080000000, 0x0000000084400000, 0x00000000d5580000)
  object space 69632K, 99% used [0x0000000080000000,0x00000000843dae80,0x0000000084400000)
 Metaspace       used 68233K, committed 69696K, reserved 1114112K
  class space    used 7133K, committed 7744K, reserved 1048576K
}
Event: 2636.617 GC heap after
{Heap after GC invocations=80 (full 3):
 PSYoungGen      total 15360K, used 2034K [0x00000000d5580000, 0x00000000d7080000, 0x0000000100000000)
  eden space 13312K, 0% used [0x00000000d5580000,0x00000000d5580000,0x00000000d6280000)
  from space 2048K, 99% used [0x00000000d6380000,0x00000000d657cad0,0x00000000d6580000)
  to   space 7168K, 0% used [0x00000000d6980000,0x00000000d6980000,0x00000000d7080000)
 ParOldGen       total 73728K, used 73405K [0x0000000080000000, 0x0000000084800000, 0x00000000d5580000)
  object space 73728K, 99% used [0x0000000080000000,0x00000000847af7b0,0x0000000084800000)
 Metaspace       used 68233K, committed 69696K, reserved 1114112K
  class space    used 7133K, committed 7744K, reserved 1048576K
}
Event: 2642.947 GC heap before
{Heap before GC invocations=81 (full 3):
 PSYoungGen      total 15360K, used 15346K [0x00000000d5580000, 0x00000000d7080000, 0x0000000100000000)
  eden space 13312K, 100% used [0x00000000d5580000,0x00000000d6280000,0x00000000d6280000)
  from space 2048K, 99% used [0x00000000d6380000,0x00000000d657cad0,0x00000000d6580000)
  to   space 7168K, 0% used [0x00000000d6980000,0x00000000d6980000,0x00000000d7080000)
 ParOldGen       total 73728K, used 73405K [0x0000000080000000, 0x0000000084800000, 0x00000000d5580000)
  object space 73728K, 99% used [0x0000000080000000,0x00000000847af7b0,0x0000000084800000)
 Metaspace       used 68477K, committed 70080K, reserved 1114112K
  class space    used 7154K, committed 7808K, reserved 1048576K
}
Event: 2642.967 GC heap after
{Heap after GC invocations=81 (full 3):
 PSYoungGen      total 16384K, used 2911K [0x00000000d5580000, 0x00000000d6c80000, 0x0000000100000000)
  eden space 13312K, 0% used [0x00000000d5580000,0x00000000d5580000,0x00000000d6280000)
  from space 3072K, 94% used [0x00000000d6980000,0x00000000d6c57ea0,0x00000000d6c80000)
  to   space 4096K, 0% used [0x00000000d6480000,0x00000000d6480000,0x00000000d6880000)
 ParOldGen       total 73728K, used 73565K [0x0000000080000000, 0x0000000084800000, 0x00000000d5580000)
  object space 73728K, 99% used [0x0000000080000000,0x00000000847d77c0,0x0000000084800000)
 Metaspace       used 68477K, committed 70080K, reserved 1114112K
  class space    used 7154K, committed 7808K, reserved 1048576K
}
Event: 2648.446 GC heap before
{Heap before GC invocations=82 (full 3):
 PSYoungGen      total 16384K, used 16217K [0x00000000d5580000, 0x00000000d6c80000, 0x0000000100000000)
  eden space 13312K, 99% used [0x00000000d5580000,0x00000000d627e7d8,0x00000000d6280000)
  from space 3072K, 94% used [0x00000000d6980000,0x00000000d6c57ea0,0x00000000d6c80000)
  to   space 4096K, 0% used [0x00000000d6480000,0x00000000d6480000,0x00000000d6880000)
 ParOldGen       total 73728K, used 73565K [0x0000000080000000, 0x0000000084800000, 0x00000000d5580000)
  object space 73728K, 99% used [0x0000000080000000,0x00000000847d77c0,0x0000000084800000)
 Metaspace       used 68587K, committed 70144K, reserved 1114112K
  class space    used 7161K, committed 7808K, reserved 1048576K
}
Event: 2648.475 GC heap after
{Heap after GC invocations=82 (full 3):
 PSYoungGen      total 17408K, used 4065K [0x00000000d5580000, 0x00000000d7980000, 0x0000000100000000)
  eden space 13312K, 0% used [0x00000000d5580000,0x00000000d5580000,0x00000000d6280000)
  from space 4096K, 99% used [0x00000000d6480000,0x00000000d6878440,0x00000000d6880000)
  to   space 11776K, 0% used [0x00000000d6e00000,0x00000000d6e00000,0x00000000d7980000)
 ParOldGen       total 80384K, used 79932K [0x0000000080000000, 0x0000000084e80000, 0x00000000d5580000)
  object space 80384K, 99% used [0x0000000080000000,0x0000000084e0f110,0x0000000084e80000)
 Metaspace       used 68587K, committed 70144K, reserved 1114112K
  class space    used 7161K, committed 7808K, reserved 1048576K
}
Event: 2653.651 GC heap before
{Heap before GC invocations=83 (full 3):
 PSYoungGen      total 17408K, used 17372K [0x00000000d5580000, 0x00000000d7980000, 0x0000000100000000)
  eden space 13312K, 99% used [0x00000000d5580000,0x00000000d627ecc0,0x00000000d6280000)
  from space 4096K, 99% used [0x00000000d6480000,0x00000000d6878440,0x00000000d6880000)
  to   space 11776K, 0% used [0x00000000d6e00000,0x00000000d6e00000,0x00000000d7980000)
 ParOldGen       total 80384K, used 79932K [0x0000000080000000, 0x0000000084e80000, 0x00000000d5580000)
  object space 80384K, 99% used [0x0000000080000000,0x0000000084e0f110,0x0000000084e80000)
 Metaspace       used 69423K, committed 70976K, reserved 1114112K
  class space    used 7230K, committed 7872K, reserved 1048576K
}
Event: 2653.662 GC heap after
{Heap after GC invocations=83 (full 3):
 PSYoungGen      total 14848K, used 1211K [0x00000000d5580000, 0x00000000d6f80000, 0x0000000100000000)
  eden space 13312K, 0% used [0x00000000d5580000,0x00000000d5580000,0x00000000d6280000)
  from space 1536K, 78% used [0x00000000d6e00000,0x00000000d6f2ec88,0x00000000d6f80000)
  to   space 4608K, 0% used [0x00000000d6680000,0x00000000d6680000,0x00000000d6b00000)
 ParOldGen       total 81920K, used 81766K [0x0000000080000000, 0x0000000085000000, 0x00000000d5580000)
  object space 81920K, 99% used [0x0000000080000000,0x0000000084fd9a60,0x0000000085000000)
 Metaspace       used 69423K, committed 70976K, reserved 1114112K
  class space    used 7230K, committed 7872K, reserved 1048576K
}
Event: 2663.734 GC heap before
{Heap before GC invocations=84 (full 3):
 PSYoungGen      total 14848K, used 14523K [0x00000000d5580000, 0x00000000d6f80000, 0x0000000100000000)
  eden space 13312K, 100% used [0x00000000d5580000,0x00000000d6280000,0x00000000d6280000)
  from space 1536K, 78% used [0x00000000d6e00000,0x00000000d6f2ec88,0x00000000d6f80000)
  to   space 4608K, 0% used [0x00000000d6680000,0x00000000d6680000,0x00000000d6b00000)
 ParOldGen       total 81920K, used 81766K [0x0000000080000000, 0x0000000085000000, 0x00000000d5580000)
  object space 81920K, 99% used [0x0000000080000000,0x0000000084fd9a60,0x0000000085000000)
 Metaspace       used 70201K, committed 71808K, reserved 1114112K
  class space    used 7312K, committed 8064K, reserved 1048576K
}
Event: 2663.742 GC heap after
{Heap after GC invocations=84 (full 3):
 PSYoungGen      total 17920K, used 1449K [0x00000000d5580000, 0x00000000d6e80000, 0x0000000100000000)
  eden space 13312K, 0% used [0x00000000d5580000,0x00000000d5580000,0x00000000d6280000)
  from space 4608K, 31% used [0x00000000d6680000,0x00000000d67ea6e8,0x00000000d6b00000)
  to   space 2048K, 0% used [0x00000000d6c80000,0x00000000d6c80000,0x00000000d6e80000)
 ParOldGen       total 82944K, used 82862K [0x0000000080000000, 0x0000000085100000, 0x00000000d5580000)
  object space 82944K, 99% used [0x0000000080000000,0x00000000850ebab0,0x0000000085100000)
 Metaspace       used 70201K, committed 71808K, reserved 1114112K
  class space    used 7312K, committed 8064K, reserved 1048576K
}
Event: 2664.922 GC heap before
{Heap before GC invocations=85 (full 3):
 PSYoungGen      total 17920K, used 14367K [0x00000000d5580000, 0x00000000d6e80000, 0x0000000100000000)
  eden space 13312K, 97% used [0x00000000d5580000,0x00000000d621d720,0x00000000d6280000)
  from space 4608K, 31% used [0x00000000d6680000,0x00000000d67ea6e8,0x00000000d6b00000)
  to   space 2048K, 0% used [0x00000000d6c80000,0x00000000d6c80000,0x00000000d6e80000)
 ParOldGen       total 82944K, used 82862K [0x0000000080000000, 0x0000000085100000, 0x00000000d5580000)
  object space 82944K, 99% used [0x0000000080000000,0x00000000850ebab0,0x0000000085100000)
 Metaspace       used 70320K, committed 71936K, reserved 1114112K
  class space    used 7315K, committed 8064K, reserved 1048576K
}
Event: 2664.954 GC heap after
{Heap after GC invocations=85 (full 3):
 PSYoungGen      total 11776K, used 2026K [0x00000000d5580000, 0x00000000d7d80000, 0x0000000100000000)
  eden space 9728K, 0% used [0x00000000d5580000,0x00000000d5580000,0x00000000d5f00000)
  from space 2048K, 98% used [0x00000000d6c80000,0x00000000d6e7aae0,0x00000000d6e80000)
  to   space 13824K, 0% used [0x00000000d5f00000,0x00000000d5f00000,0x00000000d6c80000)
 ParOldGen       total 92672K, used 92538K [0x0000000080000000, 0x0000000085a80000, 0x00000000d5580000)
  object space 92672K, 99% used [0x0000000080000000,0x0000000085a5e830,0x0000000085a80000)
 Metaspace       used 70320K, committed 71936K, reserved 1114112K
  class space    used 7315K, committed 8064K, reserved 1048576K
}
Event: 2666.357 GC heap before
{Heap before GC invocations=86 (full 3):
 PSYoungGen      total 11776K, used 11453K [0x00000000d5580000, 0x00000000d7d80000, 0x0000000100000000)
  eden space 9728K, 96% used [0x00000000d5580000,0x00000000d5eb4ba8,0x00000000d5f00000)
  from space 2048K, 98% used [0x00000000d6c80000,0x00000000d6e7aae0,0x00000000d6e80000)
  to   space 13824K, 0% used [0x00000000d5f00000,0x00000000d5f00000,0x00000000d6c80000)
 ParOldGen       total 92672K, used 92538K [0x0000000080000000, 0x0000000085a80000, 0x00000000d5580000)
  object space 92672K, 99% used [0x0000000080000000,0x0000000085a5e830,0x0000000085a80000)
 Metaspace       used 70353K, committed 71936K, reserved 1114112K
  class space    used 7318K, committed 8064K, reserved 1048576K
}
Event: 2666.378 GC heap after
{Heap after GC invocations=86 (full 3):
 PSYoungGen      total 16896K, used 6719K [0x00000000d5580000, 0x00000000d7000000, 0x0000000100000000)
  eden space 9728K, 0% used [0x00000000d5580000,0x00000000d5580000,0x00000000d5f00000)
  from space 7168K, 93% used [0x00000000d5f00000,0x00000000d658fea0,0x00000000d6600000)
  to   space 8704K, 0% used [0x00000000d6780000,0x00000000d6780000,0x00000000d7000000)
 ParOldGen       total 94208K, used 94076K [0x0000000080000000, 0x0000000085c00000, 0x00000000d5580000)
  object space 94208K, 99% used [0x0000000080000000,0x0000000085bdf310,0x0000000085c00000)
 Metaspace       used 70353K, committed 71936K, reserved 1114112K
  class space    used 7318K, committed 8064K, reserved 1048576K
}
Event: 2746.569 GC heap before
{Heap before GC invocations=87 (full 3):
 PSYoungGen      total 16896K, used 16447K [0x00000000d5580000, 0x00000000d7000000, 0x0000000100000000)
  eden space 9728K, 100% used [0x00000000d5580000,0x00000000d5f00000,0x00000000d5f00000)
  from space 7168K, 93% used [0x00000000d5f00000,0x00000000d658fea0,0x00000000d6600000)
  to   space 8704K, 0% used [0x00000000d6780000,0x00000000d6780000,0x00000000d7000000)
 ParOldGen       total 94208K, used 94076K [0x0000000080000000, 0x0000000085c00000, 0x00000000d5580000)
  object space 94208K, 99% used [0x0000000080000000,0x0000000085bdf310,0x0000000085c00000)
 Metaspace       used 70464K, committed 72128K, reserved 1114112K
  class space    used 7323K, committed 8064K, reserved 1048576K
}
Event: 2746.880 GC heap after
{Heap after GC invocations=87 (full 3):
 PSYoungGen      total 11264K, used 1039K [0x00000000d5580000, 0x00000000d6900000, 0x0000000100000000)
  eden space 9728K, 0% used [0x00000000d5580000,0x00000000d5580000,0x00000000d5f00000)
  from space 1536K, 67% used [0x00000000d6780000,0x00000000d6883c18,0x00000000d6900000)
  to   space 3584K, 0% used [0x00000000d6200000,0x00000000d6200000,0x00000000d6580000)
 ParOldGen       total 100864K, used 100460K [0x0000000080000000, 0x0000000086280000, 0x00000000d5580000)
  object space 100864K, 99% used [0x0000000080000000,0x000000008621b1b0,0x0000000086280000)
 Metaspace       used 70464K, committed 72128K, reserved 1114112K
  class space    used 7323K, committed 8064K, reserved 1048576K
}

