# JRE version: OpenJDK Runtime Environment Temurin-21.0.11+10 (21.0.11+10) (build 21.0.11+10-LTS)
# Java VM: OpenJDK 64-Bit Server VM Temurin-21.0.11+10 (21.0.11+10-LTS, mixed mode, sharing, tiered, compressed oops, compressed class ptrs, parallel gc, windows-amd64)
GC Precious Log:
 CardTable entry size: 512
 CPUs: 2 total, 2 available
 Memory: 3918M
 Large Page Support: Disabled
 NUMA Support: Disabled
 Compressed Oops: Enabled (32-bit)
 Alignments: Space 512K, Generation 512K, Heap 2M
 Heap Min Capacity: 100M
 Heap Initial Capacity: 100M
 Heap Max Capacity: 2G
 Pre-touch: Disabled
 Parallel Workers: 2
Heap:
 PSYoungGen      total 1536K, used 336K [0x00000000d5580000, 0x00000000d5800000, 0x0000000100000000)
  eden space 1024K, 20% used [0x00000000d5580000,0x00000000d55b4378,0x00000000d5680000)
  from space 512K, 25% used [0x00000000d5700000,0x00000000d5720020,0x00000000d5780000)
  to   space 512K, 0% used [0x00000000d5780000,0x00000000d5780000,0x00000000d5800000)
 ParOldGen       total 713728K, used 713354K [0x0000000080000000, 0x00000000ab900000, 0x00000000d5580000)
  object space 713728K, 99% used [0x0000000080000000,0x00000000ab8a2b08,0x00000000ab900000)
 Metaspace       used 73138K, committed 74752K, reserved 1179648K
  class space    used 7634K, committed 8384K, reserved 1048576K
GC Heap History (20 events):
Event: 3347.241 GC heap before
{Heap before GC invocations=1111 (full 3):
 PSYoungGen      total 1536K, used 1179K [0x00000000d5580000, 0x00000000d5800000, 0x0000000100000000)
  eden space 1024K, 99% used [0x00000000d5580000,0x00000000d567f158,0x00000000d5680000)
  from space 512K, 31% used [0x00000000d5700000,0x00000000d5727b98,0x00000000d5780000)
  to   space 512K, 0% used [0x00000000d5780000,0x00000000d5780000,0x00000000d5800000)
 ParOldGen       total 710656K, used 710462K [0x0000000080000000, 0x00000000ab600000, 0x00000000d5580000)
  object space 710656K, 99% used [0x0000000080000000,0x00000000ab5cfa88,0x00000000ab600000)
 Metaspace       used 73028K, committed 74624K, reserved 1179648K
  class space    used 7632K, committed 8384K, reserved 1048576K
}
Event: 3347.246 GC heap after
{Heap after GC invocations=1111 (full 3):
 PSYoungGen      total 1536K, used 486K [0x00000000d5580000, 0x00000000d5880000, 0x0000000100000000)
  eden space 1024K, 0% used [0x00000000d5580000,0x00000000d5580000,0x00000000d5680000)
  from space 512K, 94% used [0x00000000d5780000,0x00000000d57f9920,0x00000000d5800000)
  to   space 1024K, 0% used [0x00000000d5680000,0x00000000d5680000,0x00000000d5780000)
 ParOldGen       total 711168K, used 710762K [0x0000000080000000, 0x00000000ab680000, 0x00000000d5580000)
  object space 711168K, 99% used [0x0000000080000000,0x00000000ab61aac0,0x00000000ab680000)
 Metaspace       used 73028K, committed 74624K, reserved 1179648K
  class space    used 7632K, committed 8384K, reserved 1048576K
}
Event: 3347.261 GC heap before
{Heap before GC invocations=1112 (full 3):
 PSYoungGen      total 1536K, used 1510K [0x00000000d5580000, 0x00000000d5880000, 0x0000000100000000)
  eden space 1024K, 100% used [0x00000000d5580000,0x00000000d5680000,0x00000000d5680000)
  from space 512K, 94% used [0x00000000d5780000,0x00000000d57f9920,0x00000000d5800000)
  to   space 1024K, 0% used [0x00000000d5680000,0x00000000d5680000,0x00000000d5780000)
 ParOldGen       total 711168K, used 710762K [0x0000000080000000, 0x00000000ab680000, 0x00000000d5580000)
  object space 711168K, 99% used [0x0000000080000000,0x00000000ab61aac0,0x00000000ab680000)
 Metaspace       used 73028K, committed 74624K, reserved 1179648K
  class space    used 7632K, committed 8384K, reserved 1048576K
}
Event: 3347.266 GC heap after
{Heap after GC invocations=1112 (full 3):
 PSYoungGen      total 2048K, used 978K [0x00000000d5580000, 0x00000000d5980000, 0x0000000100000000)
  eden space 1024K, 0% used [0x00000000d5580000,0x00000000d5580000,0x00000000d5680000)
  from space 1024K, 95% used [0x00000000d5680000,0x00000000d5774b88,0x00000000d5780000)
  to   space 1536K, 0% used [0x00000000d5800000,0x00000000d5800000,0x00000000d5980000)
 ParOldGen       total 711680K, used 711249K [0x0000000080000000, 0x00000000ab700000, 0x00000000d5580000)
  object space 711680K, 99% used [0x0000000080000000,0x00000000ab694758,0x00000000ab700000)
 Metaspace       used 73028K, committed 74624K, reserved 1179648K
  class space    used 7632K, committed 8384K, reserved 1048576K
}
Event: 3347.277 GC heap before
{Heap before GC invocations=1113 (full 3):
 PSYoungGen      total 2048K, used 1924K [0x00000000d5580000, 0x00000000d5980000, 0x0000000100000000)
  eden space 1024K, 92% used [0x00000000d5580000,0x00000000d566c800,0x00000000d5680000)
  from space 1024K, 95% used [0x00000000d5680000,0x00000000d5774b88,0x00000000d5780000)
  to   space 1536K, 0% used [0x00000000d5800000,0x00000000d5800000,0x00000000d5980000)
 ParOldGen       total 711680K, used 711249K [0x0000000080000000, 0x00000000ab700000, 0x00000000d5580000)
  object space 711680K, 99% used [0x0000000080000000,0x00000000ab694758,0x00000000ab700000)
 Metaspace       used 73028K, committed 74624K, reserved 1179648K
  class space    used 7632K, committed 8384K, reserved 1048576K
}
Event: 3347.283 GC heap after
{Heap after GC invocations=1113 (full 3):
 PSYoungGen      total 2048K, used 787K [0x00000000d5580000, 0x00000000d5900000, 0x0000000100000000)
  eden space 1024K, 0% used [0x00000000d5580000,0x00000000d5580000,0x00000000d5680000)
  from space 1024K, 76% used [0x00000000d5800000,0x00000000d58c4c90,0x00000000d5900000)
  to   space 1024K, 0% used [0x00000000d5680000,0x00000000d5680000,0x00000000d5780000)
 ParOldGen       total 712704K, used 712220K [0x0000000080000000, 0x00000000ab800000, 0x00000000d5580000)
  object space 712704K, 99% used [0x0000000080000000,0x00000000ab7871f8,0x00000000ab800000)
 Metaspace       used 73028K, committed 74624K, reserved 1179648K
  class space    used 7632K, committed 8384K, reserved 1048576K
}
Event: 3347.503 GC heap before
{Heap before GC invocations=1114 (full 3):
 PSYoungGen      total 2048K, used 1809K [0x00000000d5580000, 0x00000000d5900000, 0x0000000100000000)
  eden space 1024K, 99% used [0x00000000d5580000,0x00000000d567fab0,0x00000000d5680000)
  from space 1024K, 76% used [0x00000000d5800000,0x00000000d58c4c90,0x00000000d5900000)
  to   space 1024K, 0% used [0x00000000d5680000,0x00000000d5680000,0x00000000d5780000)
 ParOldGen       total 712704K, used 712220K [0x0000000080000000, 0x00000000ab800000, 0x00000000d5580000)
  object space 712704K, 99% used [0x0000000080000000,0x00000000ab7871f8,0x00000000ab800000)
 Metaspace       used 73043K, committed 74688K, reserved 1179648K
  class space    used 7632K, committed 8384K, reserved 1048576K
}
Event: 3347.511 GC heap after
{Heap after GC invocations=1114 (full 3):
 PSYoungGen      total 2048K, used 444K [0x00000000d5580000, 0x00000000d5880000, 0x0000000100000000)
  eden space 1024K, 0% used [0x00000000d5580000,0x00000000d5580000,0x00000000d5680000)
  from space 1024K, 43% used [0x00000000d5680000,0x00000000d56ef390,0x00000000d5780000)
  to   space 1024K, 0% used [0x00000000d5780000,0x00000000d5780000,0x00000000d5880000)
 ParOldGen       total 713216K, used 712968K [0x0000000080000000, 0x00000000ab880000, 0x00000000d5580000)
  object space 713216K, 99% used [0x0000000080000000,0x00000000ab842068,0x00000000ab880000)
 Metaspace       used 73043K, committed 74688K, reserved 1179648K
  class space    used 7632K, committed 8384K, reserved 1048576K
}
Event: 3350.098 GC heap before
{Heap before GC invocations=1115 (full 3):
 PSYoungGen      total 2048K, used 1468K [0x00000000d5580000, 0x00000000d5880000, 0x0000000100000000)
  eden space 1024K, 100% used [0x00000000d5580000,0x00000000d5680000,0x00000000d5680000)
  from space 1024K, 43% used [0x00000000d5680000,0x00000000d56ef390,0x00000000d5780000)
  to   space 1024K, 0% used [0x00000000d5780000,0x00000000d5780000,0x00000000d5880000)
 ParOldGen       total 713216K, used 712968K [0x0000000080000000, 0x00000000ab880000, 0x00000000d5580000)
  object space 713216K, 99% used [0x0000000080000000,0x00000000ab842068,0x00000000ab880000)
 Metaspace       used 73061K, committed 74688K, reserved 1179648K
  class space    used 7632K, committed 8384K, reserved 1048576K
}
Event: 3350.116 GC heap after
{Heap after GC invocations=1115 (full 3):
 PSYoungGen      total 1536K, used 192K [0x00000000d5580000, 0x00000000d5800000, 0x0000000100000000)
  eden space 1024K, 0% used [0x00000000d5580000,0x00000000d5580000,0x00000000d5680000)
  from space 512K, 37% used [0x00000000d5780000,0x00000000d57b0000,0x00000000d5800000)
  to   space 512K, 0% used [0x00000000d5700000,0x00000000d5700000,0x00000000d5780000)
 ParOldGen       total 713216K, used 713110K [0x0000000080000000, 0x00000000ab880000, 0x00000000d5580000)
  object space 713216K, 99% used [0x0000000080000000,0x00000000ab865ad8,0x00000000ab880000)
 Metaspace       used 73061K, committed 74688K, reserved 1179648K
  class space    used 7632K, committed 8384K, reserved 1048576K
}
Event: 3351.853 GC heap before
{Heap before GC invocations=1116 (full 3):
 PSYoungGen      total 1536K, used 1215K [0x00000000d5580000, 0x00000000d5800000, 0x0000000100000000)
  eden space 1024K, 99% used [0x00000000d5580000,0x00000000d567ffd8,0x00000000d5680000)
  from space 512K, 37% used [0x00000000d5780000,0x00000000d57b0000,0x00000000d5800000)
  to   space 512K, 0% used [0x00000000d5700000,0x00000000d5700000,0x00000000d5780000)
 ParOldGen       total 713216K, used 713110K [0x0000000080000000, 0x00000000ab880000, 0x00000000d5580000)
  object space 713216K, 99% used [0x0000000080000000,0x00000000ab865ad8,0x00000000ab880000)
 Metaspace       used 73084K, committed 74688K, reserved 1179648K
  class space    used 7634K, committed 8384K, reserved 1048576K
}
Event: 3351.859 GC heap after
{Heap after GC invocations=1116 (full 3):
 PSYoungGen      total 1536K, used 64K [0x00000000d5580000, 0x00000000d5800000, 0x0000000100000000)
  eden space 1024K, 0% used [0x00000000d5580000,0x00000000d5580000,0x00000000d5680000)
  from space 512K, 12% used [0x00000000d5700000,0x00000000d5710000,0x00000000d5780000)
  to   space 512K, 0% used [0x00000000d5780000,0x00000000d5780000,0x00000000d5800000)
 ParOldGen       total 713216K, used 713210K [0x0000000080000000, 0x00000000ab880000, 0x00000000d5580000)
  object space 713216K, 99% used [0x0000000080000000,0x00000000ab87eae8,0x00000000ab880000)
 Metaspace       used 73084K, committed 74688K, reserved 1179648K
  class space    used 7634K, committed 8384K, reserved 1048576K
}
Event: 3351.885 GC heap before
{Heap before GC invocations=1117 (full 3):
 PSYoungGen      total 1536K, used 1087K [0x00000000d5580000, 0x00000000d5800000, 0x0000000100000000)
  eden space 1024K, 99% used [0x00000000d5580000,0x00000000d567ffe8,0x00000000d5680000)
  from space 512K, 12% used [0x00000000d5700000,0x00000000d5710000,0x00000000d5780000)
  to   space 512K, 0% used [0x00000000d5780000,0x00000000d5780000,0x00000000d5800000)
 ParOldGen       total 713216K, used 713210K [0x0000000080000000, 0x00000000ab880000, 0x00000000d5580000)
  object space 713216K, 99% used [0x0000000080000000,0x00000000ab87eae8,0x00000000ab880000)
 Metaspace       used 73090K, committed 74688K, reserved 1179648K
  class space    used 7634K, committed 8384K, reserved 1048576K
}
Event: 3351.891 GC heap after
{Heap after GC invocations=1117 (full 3):
 PSYoungGen      total 1536K, used 288K [0x00000000d5580000, 0x00000000d5800000, 0x0000000100000000)
  eden space 1024K, 0% used [0x00000000d5580000,0x00000000d5580000,0x00000000d5680000)
  from space 512K, 56% used [0x00000000d5780000,0x00000000d57c8020,0x00000000d5800000)
  to   space 512K, 0% used [0x00000000d5700000,0x00000000d5700000,0x00000000d5780000)
 ParOldGen       total 713728K, used 713234K [0x0000000080000000, 0x00000000ab900000, 0x00000000d5580000)
  object space 713728K, 99% used [0x0000000080000000,0x00000000ab884ae8,0x00000000ab900000)
 Metaspace       used 73090K, committed 74688K, reserved 1179648K
  class space    used 7634K, committed 8384K, reserved 1048576K
}
Event: 3353.604 GC heap before
{Heap before GC invocations=1118 (full 3):
 PSYoungGen      total 1536K, used 1312K [0x00000000d5580000, 0x00000000d5800000, 0x0000000100000000)
  eden space 1024K, 100% used [0x00000000d5580000,0x00000000d5680000,0x00000000d5680000)
  from space 512K, 56% used [0x00000000d5780000,0x00000000d57c8020,0x00000000d5800000)
  to   space 512K, 0% used [0x00000000d5700000,0x00000000d5700000,0x00000000d5780000)
 ParOldGen       total 713728K, used 713234K [0x0000000080000000, 0x00000000ab900000, 0x00000000d5580000)
  object space 713728K, 99% used [0x0000000080000000,0x00000000ab884ae8,0x00000000ab900000)
 Metaspace       used 73119K, committed 74752K, reserved 1179648K
  class space    used 7634K, committed 8384K, reserved 1048576K
}
Event: 3353.609 GC heap after
{Heap after GC invocations=1118 (full 3):
 PSYoungGen      total 1536K, used 64K [0x00000000d5580000, 0x00000000d5800000, 0x0000000100000000)
  eden space 1024K, 0% used [0x00000000d5580000,0x00000000d5580000,0x00000000d5680000)
  from space 512K, 12% used [0x00000000d5700000,0x00000000d5710000,0x00000000d5780000)
  to   space 512K, 0% used [0x00000000d5780000,0x00000000d5780000,0x00000000d5800000)
 ParOldGen       total 713728K, used 713314K [0x0000000080000000, 0x00000000ab900000, 0x00000000d5580000)
  object space 713728K, 99% used [0x0000000080000000,0x00000000ab898b08,0x00000000ab900000)
 Metaspace       used 73119K, committed 74752K, reserved 1179648K
  class space    used 7634K, committed 8384K, reserved 1048576K
}
Event: 3434.172 GC heap before
{Heap before GC invocations=1119 (full 3):
 PSYoungGen      total 1536K, used 1087K [0x00000000d5580000, 0x00000000d5800000, 0x0000000100000000)
  eden space 1024K, 99% used [0x00000000d5580000,0x00000000d567fff8,0x00000000d5680000)
  from space 512K, 12% used [0x00000000d5700000,0x00000000d5710000,0x00000000d5780000)
  to   space 512K, 0% used [0x00000000d5780000,0x00000000d5780000,0x00000000d5800000)
 ParOldGen       total 713728K, used 713314K [0x0000000080000000, 0x00000000ab900000, 0x00000000d5580000)
  object space 713728K, 99% used [0x0000000080000000,0x00000000ab898b08,0x00000000ab900000)
 Metaspace       used 73121K, committed 74752K, reserved 1179648K
  class space    used 7634K, committed 8384K, reserved 1048576K
}
Event: 3435.286 GC heap after
{Heap after GC invocations=1119 (full 3):
 PSYoungGen      total 1536K, used 64K [0x00000000d5580000, 0x00000000d5800000, 0x0000000100000000)
  eden space 1024K, 0% used [0x00000000d5580000,0x00000000d5580000,0x00000000d5680000)
  from space 512K, 12% used [0x00000000d5780000,0x00000000d5790000,0x00000000d5800000)
  to   space 512K, 0% used [0x00000000d5700000,0x00000000d5700000,0x00000000d5780000)
 ParOldGen       total 713728K, used 713322K [0x0000000080000000, 0x00000000ab900000, 0x00000000d5580000)
  object space 713728K, 99% used [0x0000000080000000,0x00000000ab89ab08,0x00000000ab900000)
 Metaspace       used 73121K, committed 74752K, reserved 1179648K
  class space    used 7634K, committed 8384K, reserved 1048576K
}
Event: 3442.438 GC heap before
{Heap before GC invocations=1120 (full 3):
 PSYoungGen      total 1536K, used 1085K [0x00000000d5580000, 0x00000000d5800000, 0x0000000100000000)
  eden space 1024K, 99% used [0x00000000d5580000,0x00000000d567f7b8,0x00000000d5680000)
  from space 512K, 12% used [0x00000000d5780000,0x00000000d5790000,0x00000000d5800000)
  to   space 512K, 0% used [0x00000000d5700000,0x00000000d5700000,0x00000000d5780000)
 ParOldGen       total 713728K, used 713322K [0x0000000080000000, 0x00000000ab900000, 0x00000000d5580000)
  object space 713728K, 99% used [0x0000000080000000,0x00000000ab89ab08,0x00000000ab900000)
 Metaspace       used 73134K, committed 74752K, reserved 1179648K
  class space    used 7634K, committed 8384K, reserved 1048576K
}
Event: 3442.454 GC heap after
{Heap after GC invocations=1120 (full 3):
 PSYoungGen      total 1536K, used 128K [0x00000000d5580000, 0x00000000d5800000, 0x0000000100000000)
  eden space 1024K, 0% used [0x00000000d5580000,0x00000000d5580000,0x00000000d5680000)
  from space 512K, 25% used [0x00000000d5700000,0x00000000d5720020,0x00000000d5780000)
  to   space 512K, 0% used [0x00000000d5780000,0x00000000d5780000,0x00000000d5800000)
 ParOldGen       total 713728K, used 713354K [0x0000000080000000, 0x00000000ab900000, 0x00000000d5580000)
  object space 713728K, 99% used [0x0000000080000000,0x00000000ab8a2b08,0x00000000ab900000)
 Metaspace       used 73134K, committed 74752K, reserved 1179648K
  class space    used 7634K, committed 8384K, reserved 1048576K
}

