# JRE version: OpenJDK Runtime Environment Temurin-21.0.11+10 (21.0.11+10) (build 21.0.11+10-LTS)
# Java VM: OpenJDK 64-Bit Server VM Temurin-21.0.11+10 (21.0.11+10-LTS, mixed mode, sharing, tiered, compressed oops, compressed class ptrs, parallel gc, windows-amd64)
GC Precious Log:
 CardTable entry size: 512
 CPUs: 2 total, 2 available
 Memory: 3918M
 Large Page Support: Disabled
 NUMA Support: Disabled
 Compressed Oops: Enabled (32-bit)
 Alignments: Space 512K, Generation 512K, Heap 2M
 Heap Min Capacity: 100M
 Heap Initial Capacity: 100M
 Heap Max Capacity: 2G
 Pre-touch: Disabled
 Parallel Workers: 2
Heap:
 PSYoungGen      total 22016K, used 2959K [0x00000000d5580000, 0x00000000d6e80000, 0x0000000100000000)
  eden space 19968K, 6% used [0x00000000d5580000,0x00000000d56cdda0,0x00000000d6900000)
  from space 2048K, 79% used [0x00000000d6c80000,0x00000000d6e15ea0,0x00000000d6e80000)
  to   space 2048K, 0% used [0x00000000d6a80000,0x00000000d6a80000,0x00000000d6c80000)
 ParOldGen       total 68608K, used 51524K [0x0000000080000000, 0x0000000084300000, 0x00000000d5580000)
  object space 68608K, 75% used [0x0000000080000000,0x0000000083251358,0x0000000084300000)
 Metaspace       used 68721K, committed 70208K, reserved 1114112K
  class space    used 7449K, committed 8128K, reserved 1048576K
GC Heap History (20 events):
Event: 326.660 GC heap before
{Heap before GC invocations=36 (full 3):
 PSYoungGen      total 22016K, used 21760K [0x00000000d5580000, 0x00000000d6d80000, 0x0000000100000000)
  eden space 19968K, 100% used [0x00000000d5580000,0x00000000d6900000,0x00000000d6900000)
  from space 2048K, 87% used [0x00000000d6b80000,0x00000000d6d40010,0x00000000d6d80000)
  to   space 2048K, 0% used [0x00000000d6980000,0x00000000d6980000,0x00000000d6b80000)
 ParOldGen       total 68608K, used 36418K [0x0000000080000000, 0x0000000084300000, 0x00000000d5580000)
  object space 68608K, 53% used [0x0000000080000000,0x0000000082390850,0x0000000084300000)
 Metaspace       used 62730K, committed 64128K, reserved 1114112K
  class space    used 6897K, committed 7552K, reserved 1048576K
}
Event: 326.677 GC heap after
{Heap after GC invocations=36 (full 3):
 PSYoungGen      total 22016K, used 2018K [0x00000000d5580000, 0x00000000d7200000, 0x0000000100000000)
  eden space 19968K, 0% used [0x00000000d5580000,0x00000000d5580000,0x00000000d6900000)
  from space 2048K, 98% used [0x00000000d6980000,0x00000000d6b78820,0x00000000d6b80000)
  to   space 4608K, 0% used [0x00000000d6d80000,0x00000000d6d80000,0x00000000d7200000)
 ParOldGen       total 68608K, used 38226K [0x0000000080000000, 0x0000000084300000, 0x00000000d5580000)
  object space 68608K, 55% used [0x0000000080000000,0x0000000082554850,0x0000000084300000)
 Metaspace       used 62730K, committed 64128K, reserved 1114112K
  class space    used 6897K, committed 7552K, reserved 1048576K
}
Event: 326.898 GC heap before
{Heap before GC invocations=37 (full 3):
 PSYoungGen      total 22016K, used 21986K [0x00000000d5580000, 0x00000000d7200000, 0x0000000100000000)
  eden space 19968K, 100% used [0x00000000d5580000,0x00000000d6900000,0x00000000d6900000)
  from space 2048K, 98% used [0x00000000d6980000,0x00000000d6b78820,0x00000000d6b80000)
  to   space 4608K, 0% used [0x00000000d6d80000,0x00000000d6d80000,0x00000000d7200000)
 ParOldGen       total 68608K, used 38226K [0x0000000080000000, 0x0000000084300000, 0x00000000d5580000)
  object space 68608K, 55% used [0x0000000080000000,0x0000000082554850,0x0000000084300000)
 Metaspace       used 62739K, committed 64128K, reserved 1114112K
  class space    used 6897K, committed 7552K, reserved 1048576K
}
Event: 326.910 GC heap after
{Heap after GC invocations=37 (full 3):
 PSYoungGen      total 22016K, used 1888K [0x00000000d5580000, 0x00000000d6f80000, 0x0000000100000000)
  eden space 19968K, 0% used [0x00000000d5580000,0x00000000d5580000,0x00000000d6900000)
  from space 2048K, 92% used [0x00000000d6d80000,0x00000000d6f58000,0x00000000d6f80000)
  to   space 3072K, 0% used [0x00000000d6980000,0x00000000d6980000,0x00000000d6c80000)
 ParOldGen       total 68608K, used 40208K [0x0000000080000000, 0x0000000084300000, 0x00000000d5580000)
  object space 68608K, 58% used [0x0000000080000000,0x0000000082744180,0x0000000084300000)
 Metaspace       used 62739K, committed 64128K, reserved 1114112K
  class space    used 6897K, committed 7552K, reserved 1048576K
}
Event: 327.263 GC heap before
{Heap before GC invocations=38 (full 3):
 PSYoungGen      total 22016K, used 21856K [0x00000000d5580000, 0x00000000d6f80000, 0x0000000100000000)
  eden space 19968K, 100% used [0x00000000d5580000,0x00000000d6900000,0x00000000d6900000)
  from space 2048K, 92% used [0x00000000d6d80000,0x00000000d6f58000,0x00000000d6f80000)
  to   space 3072K, 0% used [0x00000000d6980000,0x00000000d6980000,0x00000000d6c80000)
 ParOldGen       total 68608K, used 40208K [0x0000000080000000, 0x0000000084300000, 0x00000000d5580000)
  object space 68608K, 58% used [0x0000000080000000,0x0000000082744180,0x0000000084300000)
 Metaspace       used 62740K, committed 64128K, reserved 1114112K
  class space    used 6897K, committed 7552K, reserved 1048576K
}
Event: 327.275 GC heap after
{Heap after GC invocations=38 (full 3):
 PSYoungGen      total 22016K, used 1732K [0x00000000d5580000, 0x00000000d6e00000, 0x0000000100000000)
  eden space 19968K, 0% used [0x00000000d5580000,0x00000000d5580000,0x00000000d6900000)
  from space 2048K, 84% used [0x00000000d6980000,0x00000000d6b31000,0x00000000d6b80000)
  to   space 2048K, 0% used [0x00000000d6c00000,0x00000000d6c00000,0x00000000d6e00000)
 ParOldGen       total 68608K, used 42059K [0x0000000080000000, 0x0000000084300000, 0x00000000d5580000)
  object space 68608K, 61% used [0x0000000080000000,0x0000000082912c30,0x0000000084300000)
 Metaspace       used 62740K, committed 64128K, reserved 1114112K
  class space    used 6897K, committed 7552K, reserved 1048576K
}
Event: 327.579 GC heap before
{Heap before GC invocations=39 (full 3):
 PSYoungGen      total 22016K, used 21700K [0x00000000d5580000, 0x00000000d6e00000, 0x0000000100000000)
  eden space 19968K, 100% used [0x00000000d5580000,0x00000000d6900000,0x00000000d6900000)
  from space 2048K, 84% used [0x00000000d6980000,0x00000000d6b31000,0x00000000d6b80000)
  to   space 2048K, 0% used [0x00000000d6c00000,0x00000000d6c00000,0x00000000d6e00000)
 ParOldGen       total 68608K, used 42059K [0x0000000080000000, 0x0000000084300000, 0x00000000d5580000)
  object space 68608K, 61% used [0x0000000080000000,0x0000000082912c30,0x0000000084300000)
 Metaspace       used 62748K, committed 64128K, reserved 1114112K
  class space    used 6897K, committed 7552K, reserved 1048576K
}
Event: 327.592 GC heap after
{Heap after GC invocations=39 (full 3):
 PSYoungGen      total 22016K, used 1952K [0x00000000d5580000, 0x00000000d6e00000, 0x0000000100000000)
  eden space 19968K, 0% used [0x00000000d5580000,0x00000000d5580000,0x00000000d6900000)
  from space 2048K, 95% used [0x00000000d6c00000,0x00000000d6de8010,0x00000000d6e00000)
  to   space 2048K, 0% used [0x00000000d6980000,0x00000000d6980000,0x00000000d6b80000)
 ParOldGen       total 68608K, used 43780K [0x0000000080000000, 0x0000000084300000, 0x00000000d5580000)
  object space 68608K, 63% used [0x0000000080000000,0x0000000082ac1158,0x0000000084300000)
 Metaspace       used 62748K, committed 64128K, reserved 1114112K
  class space    used 6897K, committed 7552K, reserved 1048576K
}
Event: 329.498 GC heap before
{Heap before GC invocations=40 (full 3):
 PSYoungGen      total 22016K, used 21920K [0x00000000d5580000, 0x00000000d6e00000, 0x0000000100000000)
  eden space 19968K, 100% used [0x00000000d5580000,0x00000000d6900000,0x00000000d6900000)
  from space 2048K, 95% used [0x00000000d6c00000,0x00000000d6de8010,0x00000000d6e00000)
  to   space 2048K, 0% used [0x00000000d6980000,0x00000000d6980000,0x00000000d6b80000)
 ParOldGen       total 68608K, used 43780K [0x0000000080000000, 0x0000000084300000, 0x00000000d5580000)
  object space 68608K, 63% used [0x0000000080000000,0x0000000082ac1158,0x0000000084300000)
 Metaspace       used 62786K, committed 64192K, reserved 1114112K
  class space    used 6906K, committed 7552K, reserved 1048576K
}
Event: 329.514 GC heap after
{Heap after GC invocations=40 (full 3):
 PSYoungGen      total 21504K, used 1528K [0x00000000d5580000, 0x00000000d6d00000, 0x0000000100000000)
  eden space 19968K, 0% used [0x00000000d5580000,0x00000000d5580000,0x00000000d6900000)
  from space 1536K, 99% used [0x00000000d6980000,0x00000000d6afe200,0x00000000d6b00000)
  to   space 2048K, 0% used [0x00000000d6b00000,0x00000000d6b00000,0x00000000d6d00000)
 ParOldGen       total 68608K, used 45700K [0x0000000080000000, 0x0000000084300000, 0x00000000d5580000)
  object space 68608K, 66% used [0x0000000080000000,0x0000000082ca1168,0x0000000084300000)
 Metaspace       used 62786K, committed 64192K, reserved 1114112K
  class space    used 6906K, committed 7552K, reserved 1048576K
}
Event: 330.509 GC heap before
{Heap before GC invocations=41 (full 3):
 PSYoungGen      total 21504K, used 21058K [0x00000000d5580000, 0x00000000d6d00000, 0x0000000100000000)
  eden space 19968K, 97% used [0x00000000d5580000,0x00000000d68928a0,0x00000000d6900000)
  from space 1536K, 99% used [0x00000000d6980000,0x00000000d6afe200,0x00000000d6b00000)
  to   space 2048K, 0% used [0x00000000d6b00000,0x00000000d6b00000,0x00000000d6d00000)
 ParOldGen       total 68608K, used 45700K [0x0000000080000000, 0x0000000084300000, 0x00000000d5580000)
  object space 68608K, 66% used [0x0000000080000000,0x0000000082ca1168,0x0000000084300000)
 Metaspace       used 62996K, committed 64384K, reserved 1114112K
  class space    used 6919K, committed 7552K, reserved 1048576K
}
Event: 330.519 GC heap after
{Heap after GC invocations=41 (full 3):
 PSYoungGen      total 21504K, used 1344K [0x00000000d5580000, 0x00000000d6c80000, 0x0000000100000000)
  eden space 19968K, 0% used [0x00000000d5580000,0x00000000d5580000,0x00000000d6900000)
  from space 1536K, 87% used [0x00000000d6b00000,0x00000000d6c50000,0x00000000d6c80000)
  to   space 1536K, 0% used [0x00000000d6980000,0x00000000d6980000,0x00000000d6b00000)
 ParOldGen       total 68608K, used 47196K [0x0000000080000000, 0x0000000084300000, 0x00000000d5580000)
  object space 68608K, 68% used [0x0000000080000000,0x0000000082e17368,0x0000000084300000)
 Metaspace       used 62996K, committed 64384K, reserved 1114112K
  class space    used 6919K, committed 7552K, reserved 1048576K
}
Event: 334.819 GC heap before
{Heap before GC invocations=42 (full 3):
 PSYoungGen      total 21504K, used 21306K [0x00000000d5580000, 0x00000000d6c80000, 0x0000000100000000)
  eden space 19968K, 99% used [0x00000000d5580000,0x00000000d68fe9e8,0x00000000d6900000)
  from space 1536K, 87% used [0x00000000d6b00000,0x00000000d6c50000,0x00000000d6c80000)
  to   space 1536K, 0% used [0x00000000d6980000,0x00000000d6980000,0x00000000d6b00000)
 ParOldGen       total 68608K, used 47196K [0x0000000080000000, 0x0000000084300000, 0x00000000d5580000)
  object space 68608K, 68% used [0x0000000080000000,0x0000000082e17368,0x0000000084300000)
 Metaspace       used 64831K, committed 66240K, reserved 1114112K
  class space    used 7108K, committed 7744K, reserved 1048576K
}
Event: 334.827 GC heap after
{Heap after GC invocations=42 (full 3):
 PSYoungGen      total 21504K, used 1517K [0x00000000d5580000, 0x00000000d7000000, 0x0000000100000000)
  eden space 19968K, 0% used [0x00000000d5580000,0x00000000d5580000,0x00000000d6900000)
  from space 1536K, 98% used [0x00000000d6980000,0x00000000d6afb530,0x00000000d6b00000)
  to   space 3584K, 0% used [0x00000000d6c80000,0x00000000d6c80000,0x00000000d7000000)
 ParOldGen       total 68608K, used 48764K [0x0000000080000000, 0x0000000084300000, 0x00000000d5580000)
  object space 68608K, 71% used [0x0000000080000000,0x0000000082f9f398,0x0000000084300000)
 Metaspace       used 64831K, committed 66240K, reserved 1114112K
  class space    used 7108K, committed 7744K, reserved 1048576K
}
Event: 338.284 GC heap before
{Heap before GC invocations=43 (full 3):
 PSYoungGen      total 21504K, used 21477K [0x00000000d5580000, 0x00000000d7000000, 0x0000000100000000)
  eden space 19968K, 99% used [0x00000000d5580000,0x00000000d68fe058,0x00000000d6900000)
  from space 1536K, 98% used [0x00000000d6980000,0x00000000d6afb530,0x00000000d6b00000)
  to   space 3584K, 0% used [0x00000000d6c80000,0x00000000d6c80000,0x00000000d7000000)
 ParOldGen       total 68608K, used 48764K [0x0000000080000000, 0x0000000084300000, 0x00000000d5580000)
  object space 68608K, 71% used [0x0000000080000000,0x0000000082f9f398,0x0000000084300000)
 Metaspace       used 66565K, committed 68032K, reserved 1114112K
  class space    used 7248K, committed 7872K, reserved 1048576K
}
Event: 338.289 GC heap after
{Heap after GC invocations=43 (full 3):
 PSYoungGen      total 20480K, used 348K [0x00000000d5580000, 0x00000000d6d00000, 0x0000000100000000)
  eden space 19968K, 0% used [0x00000000d5580000,0x00000000d5580000,0x00000000d6900000)
  from space 512K, 68% used [0x00000000d6c80000,0x00000000d6cd7330,0x00000000d6d00000)
  to   space 1536K, 0% used [0x00000000d6a00000,0x00000000d6a00000,0x00000000d6b80000)
 ParOldGen       total 68608K, used 50260K [0x0000000080000000, 0x0000000084300000, 0x00000000d5580000)
  object space 68608K, 73% used [0x0000000080000000,0x00000000831150e0,0x0000000084300000)
 Metaspace       used 66565K, committed 68032K, reserved 1114112K
  class space    used 7248K, committed 7872K, reserved 1048576K
}
Event: 341.617 GC heap before
{Heap before GC invocations=44 (full 3):
 PSYoungGen      total 20480K, used 20316K [0x00000000d5580000, 0x00000000d6d00000, 0x0000000100000000)
  eden space 19968K, 100% used [0x00000000d5580000,0x00000000d6900000,0x00000000d6900000)
  from space 512K, 68% used [0x00000000d6c80000,0x00000000d6cd7330,0x00000000d6d00000)
  to   space 1536K, 0% used [0x00000000d6a00000,0x00000000d6a00000,0x00000000d6b80000)
 ParOldGen       total 68608K, used 50260K [0x0000000080000000, 0x0000000084300000, 0x00000000d5580000)
  object space 68608K, 73% used [0x0000000080000000,0x00000000831150e0,0x0000000084300000)
 Metaspace       used 67947K, committed 69440K, reserved 1114112K
  class space    used 7382K, committed 8000K, reserved 1048576K
}
Event: 341.623 GC heap after
{Heap after GC invocations=44 (full 3):
 PSYoungGen      total 21504K, used 1509K [0x00000000d5580000, 0x00000000d7000000, 0x0000000100000000)
  eden space 19968K, 0% used [0x00000000d5580000,0x00000000d5580000,0x00000000d6900000)
  from space 1536K, 98% used [0x00000000d6a00000,0x00000000d6b79708,0x00000000d6b80000)
  to   space 3584K, 0% used [0x00000000d6c80000,0x00000000d6c80000,0x00000000d7000000)
 ParOldGen       total 68608K, used 51468K [0x0000000080000000, 0x0000000084300000, 0x00000000d5580000)
  object space 68608K, 75% used [0x0000000080000000,0x0000000083243358,0x0000000084300000)
 Metaspace       used 67947K, committed 69440K, reserved 1114112K
  class space    used 7382K, committed 8000K, reserved 1048576K
}
Event: 1889.952 GC heap before
{Heap before GC invocations=45 (full 3):
 PSYoungGen      total 21504K, used 21477K [0x00000000d5580000, 0x00000000d7000000, 0x0000000100000000)
  eden space 19968K, 100% used [0x00000000d5580000,0x00000000d6900000,0x00000000d6900000)
  from space 1536K, 98% used [0x00000000d6a00000,0x00000000d6b79708,0x00000000d6b80000)
  to   space 3584K, 0% used [0x00000000d6c80000,0x00000000d6c80000,0x00000000d7000000)
 ParOldGen       total 68608K, used 51468K [0x0000000080000000, 0x0000000084300000, 0x00000000d5580000)
  object space 68608K, 75% used [0x0000000080000000,0x0000000083243358,0x0000000084300000)
 Metaspace       used 68576K, committed 70016K, reserved 1114112K
  class space    used 7439K, committed 8064K, reserved 1048576K
}
Event: 1890.134 GC heap after
{Heap after GC invocations=45 (full 3):
 PSYoungGen      total 22016K, used 1623K [0x00000000d5580000, 0x00000000d6e80000, 0x0000000100000000)
  eden space 19968K, 0% used [0x00000000d5580000,0x00000000d5580000,0x00000000d6900000)
  from space 2048K, 79% used [0x00000000d6c80000,0x00000000d6e15ea0,0x00000000d6e80000)
  to   space 2048K, 0% used [0x00000000d6a80000,0x00000000d6a80000,0x00000000d6c80000)
 ParOldGen       total 68608K, used 51524K [0x0000000080000000, 0x0000000084300000, 0x00000000d5580000)
  object space 68608K, 75% used [0x0000000080000000,0x0000000083251358,0x0000000084300000)
 Metaspace       used 68576K, committed 70016K, reserved 1114112K
  class space    used 7439K, committed 8064K, reserved 1048576K
}

